The system is: Linux - 6.1.60-08594-g03a802b9a072 - x86_64
Compiling the C compiler identification source file "CMakeCCompilerId.c" succeeded.
Compiler: /usr/bin/cc 
Build flags: 
Id flags:  

The output was:
0


Compilation of the C compiler identification source "CMakeCCompilerId.c" produced "a.out"

The C compiler identification is GNU, found in "/home/proficionlcm/vscode/ShopSmart-Tracker/kivy-deps-build/kivy-dependencies/build/SDL2_mixer-2.6.3/build/CMakeFiles/3.18.4/CompilerIdC/a.out"

Detecting C compiler ABI info compiled with the following output:
Change Dir: /home/proficionlcm/vscode/ShopSmart-Tracker/kivy-deps-build/kivy-dependencies/build/SDL2_mixer-2.6.3/build/CMakeFiles/CMakeTmp

Run Build Command(s):/usr/bin/ninja cmTC_565e1 && [1/2] Building C object CMakeFiles/cmTC_565e1.dir/CMakeCCompilerABI.c.o
Using built-in specs.
COLLECT_GCC=/usr/bin/cc
OFFLOAD_TARGET_NAMES=nvptx-none:amdgcn-amdhsa:hsa
OFFLOAD_TARGET_DEFAULT=1
Target: x86_64-linux-gnu
Configured with: ../src/configure -v --with-pkgversion='Debian 10.2.1-6' --with-bugurl=file:///usr/share/doc/gcc-10/README.Bugs --enable-languages=c,ada,c++,go,brig,d,fortran,objc,obj-c++,m2 --prefix=/usr --with-gcc-major-version-only --program-suffix=-10 --program-prefix=x86_64-linux-gnu- --enable-shared --enable-linker-build-id --libexecdir=/usr/lib --without-included-gettext --enable-threads=posix --libdir=/usr/lib --enable-nls --enable-bootstrap --enable-clocale=gnu --enable-libstdcxx-debug --enable-libstdcxx-time=yes --with-default-libstdcxx-abi=new --enable-gnu-unique-object --disable-vtable-verify --enable-plugin --enable-default-pie --with-system-zlib --enable-libphobos-checking=release --with-target-system-zlib=auto --enable-objc-gc=auto --enable-multiarch --disable-werror --with-arch-32=i686 --with-abi=m64 --with-multilib-list=m32,m64,mx32 --enable-multilib --with-tune=generic --enable-offload-targets=nvptx-none=/build/gcc-10-Km9U7s/gcc-10-10.2.1/debian/tmp-nvptx/usr,amdgcn-amdhsa=/build/gcc-10-Km9U7s/gcc-10-10.2.1/debian/tmp-gcn/usr,hsa --without-cuda-driver --enable-checking=release --build=x86_64-linux-gnu --host=x86_64-linux-gnu --target=x86_64-linux-gnu --with-build-config=bootstrap-lto-lean --enable-link-mutex
Thread model: posix
Supported LTO compression algorithms: zlib zstd
gcc version 10.2.1 20210110 (Debian 10.2.1-6) 
COLLECT_GCC_OPTIONS='-fPIE' '-v' '-o' 'CMakeFiles/cmTC_565e1.dir/CMakeCCompilerABI.c.o' '-c' '-mtune=generic' '-march=x86-64'
 /usr/lib/gcc/x86_64-linux-gnu/10/cc1 -quiet -v -imultiarch x86_64-linux-gnu /usr/share/cmake-3.18/Modules/CMakeCCompilerABI.c -quiet -dumpbase CMakeCCompilerABI.c -mtune=generic -march=x86-64 -auxbase-strip CMakeFiles/cmTC_565e1.dir/CMakeCCompilerABI.c.o -version -fPIE -fasynchronous-unwind-tables -o /tmp/ccuUin9A.s
GNU C17 (Debian 10.2.1-6) version 10.2.1 20210110 (x86_64-linux-gnu)
	compiled by GNU C version 10.2.1 20210110, GMP version 6.2.1, MPFR version 4.1.0, MPC version 1.2.0, isl version isl-0.23-GMP

GGC heuristics: --param ggc-min-expand=100 --param ggc-min-heapsize=131072
ignoring nonexistent directory "/usr/local/include/x86_64-linux-gnu"
ignoring nonexistent directory "/usr/lib/gcc/x86_64-linux-gnu/10/include-fixed"
ignoring nonexistent directory "/usr/lib/gcc/x86_64-linux-gnu/10/../../../../x86_64-linux-gnu/include"
#include "..." search starts here:
#include <...> search starts here:
 /usr/lib/gcc/x86_64-linux-gnu/10/include
 /usr/local/include
 /usr/include/x86_64-linux-gnu
 /usr/include
End of search list.
GNU C17 (Debian 10.2.1-6) version 10.2.1 20210110 (x86_64-linux-gnu)
	compiled by GNU C version 10.2.1 20210110, GMP version 6.2.1, MPFR version 4.1.0, MPC version 1.2.0, isl version isl-0.23-GMP

GGC heuristics: --param ggc-min-expand=100 --param ggc-min-heapsize=131072
Compiler executable checksum: 1f803793fa2e3418c492b25e7d3eac2f
COLLECT_GCC_OPTIONS='-fPIE' '-v' '-o' 'CMakeFiles/cmTC_565e1.dir/CMakeCCompilerABI.c.o' '-c' '-mtune=generic' '-march=x86-64'
 as -v --64 -o CMakeFiles/cmTC_565e1.dir/CMakeCCompilerABI.c.o /tmp/ccuUin9A.s
GNU assembler version 2.35.2 (x86_64-linux-gnu) using BFD version (GNU Binutils for Debian) 2.35.2
COMPILER_PATH=/usr/lib/gcc/x86_64-linux-gnu/10/:/usr/lib/gcc/x86_64-linux-gnu/10/:/usr/lib/gcc/x86_64-linux-gnu/:/usr/lib/gcc/x86_64-linux-gnu/10/:/usr/lib/gcc/x86_64-linux-gnu/
LIBRARY_PATH=/usr/lib/gcc/x86_64-linux-gnu/10/:/usr/lib/gcc/x86_64-linux-gnu/10/../../../x86_64-linux-gnu/:/usr/lib/gcc/x86_64-linux-gnu/10/../../../../lib/:/lib/x86_64-linux-gnu/:/lib/../lib/:/usr/lib/x86_64-linux-gnu/:/usr/lib/../lib/:/usr/lib/gcc/x86_64-linux-gnu/10/../../../:/lib/:/usr/lib/
COLLECT_GCC_OPTIONS='-fPIE' '-v' '-o' 'CMakeFiles/cmTC_565e1.dir/CMakeCCompilerABI.c.o' '-c' '-mtune=generic' '-march=x86-64'
[2/2] Linking C executable cmTC_565e1
Using built-in specs.
COLLECT_GCC=/usr/bin/cc
COLLECT_LTO_WRAPPER=/usr/lib/gcc/x86_64-linux-gnu/10/lto-wrapper
OFFLOAD_TARGET_NAMES=nvptx-none:amdgcn-amdhsa:hsa
OFFLOAD_TARGET_DEFAULT=1
Target: x86_64-linux-gnu
Configured with: ../src/configure -v --with-pkgversion='Debian 10.2.1-6' --with-bugurl=file:///usr/share/doc/gcc-10/README.Bugs --enable-languages=c,ada,c++,go,brig,d,fortran,objc,obj-c++,m2 --prefix=/usr --with-gcc-major-version-only --program-suffix=-10 --program-prefix=x86_64-linux-gnu- --enable-shared --enable-linker-build-id --libexecdir=/usr/lib --without-included-gettext --enable-threads=posix --libdir=/usr/lib --enable-nls --enable-bootstrap --enable-clocale=gnu --enable-libstdcxx-debug --enable-libstdcxx-time=yes --with-default-libstdcxx-abi=new --enable-gnu-unique-object --disable-vtable-verify --enable-plugin --enable-default-pie --with-system-zlib --enable-libphobos-checking=release --with-target-system-zlib=auto --enable-objc-gc=auto --enable-multiarch --disable-werror --with-arch-32=i686 --with-abi=m64 --with-multilib-list=m32,m64,mx32 --enable-multilib --with-tune=generic --enable-offload-targets=nvptx-none=/build/gcc-10-Km9U7s/gcc-10-10.2.1/debian/tmp-nvptx/usr,amdgcn-amdhsa=/build/gcc-10-Km9U7s/gcc-10-10.2.1/debian/tmp-gcn/usr,hsa --without-cuda-driver --enable-checking=release --build=x86_64-linux-gnu --host=x86_64-linux-gnu --target=x86_64-linux-gnu --with-build-config=bootstrap-lto-lean --enable-link-mutex
Thread model: posix
Supported LTO compression algorithms: zlib zstd
gcc version 10.2.1 20210110 (Debian 10.2.1-6) 
COMPILER_PATH=/usr/lib/gcc/x86_64-linux-gnu/10/:/usr/lib/gcc/x86_64-linux-gnu/10/:/usr/lib/gcc/x86_64-linux-gnu/:/usr/lib/gcc/x86_64-linux-gnu/10/:/usr/lib/gcc/x86_64-linux-gnu/
LIBRARY_PATH=/usr/lib/gcc/x86_64-linux-gnu/10/:/usr/lib/gcc/x86_64-linux-gnu/10/../../../x86_64-linux-gnu/:/usr/lib/gcc/x86_64-linux-gnu/10/../../../../lib/:/lib/x86_64-linux-gnu/:/lib/../lib/:/usr/lib/x86_64-linux-gnu/:/usr/lib/../lib/:/usr/lib/gcc/x86_64-linux-gnu/10/../../../:/lib/:/usr/lib/
COLLECT_GCC_OPTIONS='-v' '-o' 'cmTC_565e1' '-mtune=generic' '-march=x86-64'
 /usr/lib/gcc/x86_64-linux-gnu/10/collect2 -plugin /usr/lib/gcc/x86_64-linux-gnu/10/liblto_plugin.so -plugin-opt=/usr/lib/gcc/x86_64-linux-gnu/10/lto-wrapper -plugin-opt=-fresolution=/tmp/ccJvARAS.res -plugin-opt=-pass-through=-lgcc -plugin-opt=-pass-through=-lgcc_s -plugin-opt=-pass-through=-lc -plugin-opt=-pass-through=-lgcc -plugin-opt=-pass-through=-lgcc_s --build-id --eh-frame-hdr -m elf_x86_64 --hash-style=gnu --as-needed -dynamic-linker /lib64/ld-linux-x86-64.so.2 -pie -o cmTC_565e1 /usr/lib/gcc/x86_64-linux-gnu/10/../../../x86_64-linux-gnu/Scrt1.o /usr/lib/gcc/x86_64-linux-gnu/10/../../../x86_64-linux-gnu/crti.o /usr/lib/gcc/x86_64-linux-gnu/10/crtbeginS.o -L/usr/lib/gcc/x86_64-linux-gnu/10 -L/usr/lib/gcc/x86_64-linux-gnu/10/../../../x86_64-linux-gnu -L/usr/lib/gcc/x86_64-linux-gnu/10/../../../../lib -L/lib/x86_64-linux-gnu -L/lib/../lib -L/usr/lib/x86_64-linux-gnu -L/usr/lib/../lib -L/usr/lib/gcc/x86_64-linux-gnu/10/../../.. CMakeFiles/cmTC_565e1.dir/CMakeCCompilerABI.c.o -lgcc --push-state --as-needed -lgcc_s --pop-state -lc -lgcc --push-state --as-needed -lgcc_s --pop-state /usr/lib/gcc/x86_64-linux-gnu/10/crtendS.o /usr/lib/gcc/x86_64-linux-gnu/10/../../../x86_64-linux-gnu/crtn.o
COLLECT_GCC_OPTIONS='-v' '-o' 'cmTC_565e1' '-mtune=generic' '-march=x86-64'



Parsed C implicit include dir info from above output: rv=done
  found start of include info
  found start of implicit include info
    add: [/usr/lib/gcc/x86_64-linux-gnu/10/include]
    add: [/usr/local/include]
    add: [/usr/include/x86_64-linux-gnu]
    add: [/usr/include]
  end of search list found
  collapse include dir [/usr/lib/gcc/x86_64-linux-gnu/10/include] ==> [/usr/lib/gcc/x86_64-linux-gnu/10/include]
  collapse include dir [/usr/local/include] ==> [/usr/local/include]
  collapse include dir [/usr/include/x86_64-linux-gnu] ==> [/usr/include/x86_64-linux-gnu]
  collapse include dir [/usr/include] ==> [/usr/include]
  implicit include dirs: [/usr/lib/gcc/x86_64-linux-gnu/10/include;/usr/local/include;/usr/include/x86_64-linux-gnu;/usr/include]


Parsed C implicit link information from above output:
  link line regex: [^( *|.*[/\])(ld|CMAKE_LINK_STARTFILE-NOTFOUND|([^/\]+-)?ld|collect2)[^/\]*( |$)]
  ignore line: [Change Dir: /home/proficionlcm/vscode/ShopSmart-Tracker/kivy-deps-build/kivy-dependencies/build/SDL2_mixer-2.6.3/build/CMakeFiles/CMakeTmp]
  ignore line: []
  ignore line: [Run Build Command(s):/usr/bin/ninja cmTC_565e1 && [1/2] Building C object CMakeFiles/cmTC_565e1.dir/CMakeCCompilerABI.c.o]
  ignore line: [Using built-in specs.]
  ignore line: [COLLECT_GCC=/usr/bin/cc]
  ignore line: [OFFLOAD_TARGET_NAMES=nvptx-none:amdgcn-amdhsa:hsa]
  ignore line: [OFFLOAD_TARGET_DEFAULT=1]
  ignore line: [Target: x86_64-linux-gnu]
  ignore line: [Configured with: ../src/configure -v --with-pkgversion='Debian 10.2.1-6' --with-bugurl=file:///usr/share/doc/gcc-10/README.Bugs --enable-languages=c ada c++ go brig d fortran objc obj-c++ m2 --prefix=/usr --with-gcc-major-version-only --program-suffix=-10 --program-prefix=x86_64-linux-gnu- --enable-shared --enable-linker-build-id --libexecdir=/usr/lib --without-included-gettext --enable-threads=posix --libdir=/usr/lib --enable-nls --enable-bootstrap --enable-clocale=gnu --enable-libstdcxx-debug --enable-libstdcxx-time=yes --with-default-libstdcxx-abi=new --enable-gnu-unique-object --disable-vtable-verify --enable-plugin --enable-default-pie --with-system-zlib --enable-libphobos-checking=release --with-target-system-zlib=auto --enable-objc-gc=auto --enable-multiarch --disable-werror --with-arch-32=i686 --with-abi=m64 --with-multilib-list=m32 m64 mx32 --enable-multilib --with-tune=generic --enable-offload-targets=nvptx-none=/build/gcc-10-Km9U7s/gcc-10-10.2.1/debian/tmp-nvptx/usr amdgcn-amdhsa=/build/gcc-10-Km9U7s/gcc-10-10.2.1/debian/tmp-gcn/usr hsa --without-cuda-driver --enable-checking=release --build=x86_64-linux-gnu --host=x86_64-linux-gnu --target=x86_64-linux-gnu --with-build-config=bootstrap-lto-lean --enable-link-mutex]
  ignore line: [Thread model: posix]
  ignore line: [Supported LTO compression algorithms: zlib zstd]
  ignore line: [gcc version 10.2.1 20210110 (Debian 10.2.1-6) ]
  ignore line: [COLLECT_GCC_OPTIONS='-fPIE' '-v' '-o' 'CMakeFiles/cmTC_565e1.dir/CMakeCCompilerABI.c.o' '-c' '-mtune=generic' '-march=x86-64']
  ignore line: [ /usr/lib/gcc/x86_64-linux-gnu/10/cc1 -quiet -v -imultiarch x86_64-linux-gnu /usr/share/cmake-3.18/Modules/CMakeCCompilerABI.c -quiet -dumpbase CMakeCCompilerABI.c -mtune=generic -march=x86-64 -auxbase-strip CMakeFiles/cmTC_565e1.dir/CMakeCCompilerABI.c.o -version -fPIE -fasynchronous-unwind-tables -o /tmp/ccuUin9A.s]
  ignore line: [GNU C17 (Debian 10.2.1-6) version 10.2.1 20210110 (x86_64-linux-gnu)]
  ignore line: [	compiled by GNU C version 10.2.1 20210110  GMP version 6.2.1  MPFR version 4.1.0  MPC version 1.2.0  isl version isl-0.23-GMP]
  ignore line: []
  ignore line: [GGC heuristics: --param ggc-min-expand=100 --param ggc-min-heapsize=131072]
  ignore line: [ignoring nonexistent directory "/usr/local/include/x86_64-linux-gnu"]
  ignore line: [ignoring nonexistent directory "/usr/lib/gcc/x86_64-linux-gnu/10/include-fixed"]
  ignore line: [ignoring nonexistent directory "/usr/lib/gcc/x86_64-linux-gnu/10/../../../../x86_64-linux-gnu/include"]
  ignore line: [#include "..." search starts here:]
  ignore line: [#include <...> search starts here:]
  ignore line: [ /usr/lib/gcc/x86_64-linux-gnu/10/include]
  ignore line: [ /usr/local/include]
  ignore line: [ /usr/include/x86_64-linux-gnu]
  ignore line: [ /usr/include]
  ignore line: [End of search list.]
  ignore line: [GNU C17 (Debian 10.2.1-6) version 10.2.1 20210110 (x86_64-linux-gnu)]
  ignore line: [	compiled by GNU C version 10.2.1 20210110  GMP version 6.2.1  MPFR version 4.1.0  MPC version 1.2.0  isl version isl-0.23-GMP]
  ignore line: []
  ignore line: [GGC heuristics: --param ggc-min-expand=100 --param ggc-min-heapsize=131072]
  ignore line: [Compiler executable checksum: 1f803793fa2e3418c492b25e7d3eac2f]
  ignore line: [COLLECT_GCC_OPTIONS='-fPIE' '-v' '-o' 'CMakeFiles/cmTC_565e1.dir/CMakeCCompilerABI.c.o' '-c' '-mtune=generic' '-march=x86-64']
  ignore line: [ as -v --64 -o CMakeFiles/cmTC_565e1.dir/CMakeCCompilerABI.c.o /tmp/ccuUin9A.s]
  ignore line: [GNU assembler version 2.35.2 (x86_64-linux-gnu) using BFD version (GNU Binutils for Debian) 2.35.2]
  ignore line: [COMPILER_PATH=/usr/lib/gcc/x86_64-linux-gnu/10/:/usr/lib/gcc/x86_64-linux-gnu/10/:/usr/lib/gcc/x86_64-linux-gnu/:/usr/lib/gcc/x86_64-linux-gnu/10/:/usr/lib/gcc/x86_64-linux-gnu/]
  ignore line: [LIBRARY_PATH=/usr/lib/gcc/x86_64-linux-gnu/10/:/usr/lib/gcc/x86_64-linux-gnu/10/../../../x86_64-linux-gnu/:/usr/lib/gcc/x86_64-linux-gnu/10/../../../../lib/:/lib/x86_64-linux-gnu/:/lib/../lib/:/usr/lib/x86_64-linux-gnu/:/usr/lib/../lib/:/usr/lib/gcc/x86_64-linux-gnu/10/../../../:/lib/:/usr/lib/]
  ignore line: [COLLECT_GCC_OPTIONS='-fPIE' '-v' '-o' 'CMakeFiles/cmTC_565e1.dir/CMakeCCompilerABI.c.o' '-c' '-mtune=generic' '-march=x86-64']
  ignore line: [[2/2] Linking C executable cmTC_565e1]
  ignore line: [Using built-in specs.]
  ignore line: [COLLECT_GCC=/usr/bin/cc]
  ignore line: [COLLECT_LTO_WRAPPER=/usr/lib/gcc/x86_64-linux-gnu/10/lto-wrapper]
  ignore line: [OFFLOAD_TARGET_NAMES=nvptx-none:amdgcn-amdhsa:hsa]
  ignore line: [OFFLOAD_TARGET_DEFAULT=1]
  ignore line: [Target: x86_64-linux-gnu]
  ignore line: [Configured with: ../src/configure -v --with-pkgversion='Debian 10.2.1-6' --with-bugurl=file:///usr/share/doc/gcc-10/README.Bugs --enable-languages=c ada c++ go brig d fortran objc obj-c++ m2 --prefix=/usr --with-gcc-major-version-only --program-suffix=-10 --program-prefix=x86_64-linux-gnu- --enable-shared --enable-linker-build-id --libexecdir=/usr/lib --without-included-gettext --enable-threads=posix --libdir=/usr/lib --enable-nls --enable-bootstrap --enable-clocale=gnu --enable-libstdcxx-debug --enable-libstdcxx-time=yes --with-default-libstdcxx-abi=new --enable-gnu-unique-object --disable-vtable-verify --enable-plugin --enable-default-pie --with-system-zlib --enable-libphobos-checking=release --with-target-system-zlib=auto --enable-objc-gc=auto --enable-multiarch --disable-werror --with-arch-32=i686 --with-abi=m64 --with-multilib-list=m32 m64 mx32 --enable-multilib --with-tune=generic --enable-offload-targets=nvptx-none=/build/gcc-10-Km9U7s/gcc-10-10.2.1/debian/tmp-nvptx/usr amdgcn-amdhsa=/build/gcc-10-Km9U7s/gcc-10-10.2.1/debian/tmp-gcn/usr hsa --without-cuda-driver --enable-checking=release --build=x86_64-linux-gnu --host=x86_64-linux-gnu --target=x86_64-linux-gnu --with-build-config=bootstrap-lto-lean --enable-link-mutex]
  ignore line: [Thread model: posix]
  ignore line: [Supported LTO compression algorithms: zlib zstd]
  ignore line: [gcc version 10.2.1 20210110 (Debian 10.2.1-6) ]
  ignore line: [COMPILER_PATH=/usr/lib/gcc/x86_64-linux-gnu/10/:/usr/lib/gcc/x86_64-linux-gnu/10/:/usr/lib/gcc/x86_64-linux-gnu/:/usr/lib/gcc/x86_64-linux-gnu/10/:/usr/lib/gcc/x86_64-linux-gnu/]
  ignore line: [LIBRARY_PATH=/usr/lib/gcc/x86_64-linux-gnu/10/:/usr/lib/gcc/x86_64-linux-gnu/10/../../../x86_64-linux-gnu/:/usr/lib/gcc/x86_64-linux-gnu/10/../../../../lib/:/lib/x86_64-linux-gnu/:/lib/../lib/:/usr/lib/x86_64-linux-gnu/:/usr/lib/../lib/:/usr/lib/gcc/x86_64-linux-gnu/10/../../../:/lib/:/usr/lib/]
  ignore line: [COLLECT_GCC_OPTIONS='-v' '-o' 'cmTC_565e1' '-mtune=generic' '-march=x86-64']
  link line: [ /usr/lib/gcc/x86_64-linux-gnu/10/collect2 -plugin /usr/lib/gcc/x86_64-linux-gnu/10/liblto_plugin.so -plugin-opt=/usr/lib/gcc/x86_64-linux-gnu/10/lto-wrapper -plugin-opt=-fresolution=/tmp/ccJvARAS.res -plugin-opt=-pass-through=-lgcc -plugin-opt=-pass-through=-lgcc_s -plugin-opt=-pass-through=-lc -plugin-opt=-pass-through=-lgcc -plugin-opt=-pass-through=-lgcc_s --build-id --eh-frame-hdr -m elf_x86_64 --hash-style=gnu --as-needed -dynamic-linker /lib64/ld-linux-x86-64.so.2 -pie -o cmTC_565e1 /usr/lib/gcc/x86_64-linux-gnu/10/../../../x86_64-linux-gnu/Scrt1.o /usr/lib/gcc/x86_64-linux-gnu/10/../../../x86_64-linux-gnu/crti.o /usr/lib/gcc/x86_64-linux-gnu/10/crtbeginS.o -L/usr/lib/gcc/x86_64-linux-gnu/10 -L/usr/lib/gcc/x86_64-linux-gnu/10/../../../x86_64-linux-gnu -L/usr/lib/gcc/x86_64-linux-gnu/10/../../../../lib -L/lib/x86_64-linux-gnu -L/lib/../lib -L/usr/lib/x86_64-linux-gnu -L/usr/lib/../lib -L/usr/lib/gcc/x86_64-linux-gnu/10/../../.. CMakeFiles/cmTC_565e1.dir/CMakeCCompilerABI.c.o -lgcc --push-state --as-needed -lgcc_s --pop-state -lc -lgcc --push-state --as-needed -lgcc_s --pop-state /usr/lib/gcc/x86_64-linux-gnu/10/crtendS.o /usr/lib/gcc/x86_64-linux-gnu/10/../../../x86_64-linux-gnu/crtn.o]
    arg [/usr/lib/gcc/x86_64-linux-gnu/10/collect2] ==> ignore
    arg [-plugin] ==> ignore
    arg [/usr/lib/gcc/x86_64-linux-gnu/10/liblto_plugin.so] ==> ignore
    arg [-plugin-opt=/usr/lib/gcc/x86_64-linux-gnu/10/lto-wrapper] ==> ignore
    arg [-plugin-opt=-fresolution=/tmp/ccJvARAS.res] ==> ignore
    arg [-plugin-opt=-pass-through=-lgcc] ==> ignore
    arg [-plugin-opt=-pass-through=-lgcc_s] ==> ignore
    arg [-plugin-opt=-pass-through=-lc] ==> ignore
    arg [-plugin-opt=-pass-through=-lgcc] ==> ignore
    arg [-plugin-opt=-pass-through=-lgcc_s] ==> ignore
    arg [--build-id] ==> ignore
    arg [--eh-frame-hdr] ==> ignore
    arg [-m] ==> ignore
    arg [elf_x86_64] ==> ignore
    arg [--hash-style=gnu] ==> ignore
    arg [--as-needed] ==> ignore
    arg [-dynamic-linker] ==> ignore
    arg [/lib64/ld-linux-x86-64.so.2] ==> ignore
    arg [-pie] ==> ignore
    arg [-o] ==> ignore
    arg [cmTC_565e1] ==> ignore
    arg [/usr/lib/gcc/x86_64-linux-gnu/10/../../../x86_64-linux-gnu/Scrt1.o] ==> ignore
    arg [/usr/lib/gcc/x86_64-linux-gnu/10/../../../x86_64-linux-gnu/crti.o] ==> ignore
    arg [/usr/lib/gcc/x86_64-linux-gnu/10/crtbeginS.o] ==> ignore
    arg [-L/usr/lib/gcc/x86_64-linux-gnu/10] ==> dir [/usr/lib/gcc/x86_64-linux-gnu/10]
    arg [-L/usr/lib/gcc/x86_64-linux-gnu/10/../../../x86_64-linux-gnu] ==> dir [/usr/lib/gcc/x86_64-linux-gnu/10/../../../x86_64-linux-gnu]
    arg [-L/usr/lib/gcc/x86_64-linux-gnu/10/../../../../lib] ==> dir [/usr/lib/gcc/x86_64-linux-gnu/10/../../../../lib]
    arg [-L/lib/x86_64-linux-gnu] ==> dir [/lib/x86_64-linux-gnu]
    arg [-L/lib/../lib] ==> dir [/lib/../lib]
    arg [-L/usr/lib/x86_64-linux-gnu] ==> dir [/usr/lib/x86_64-linux-gnu]
    arg [-L/usr/lib/../lib] ==> dir [/usr/lib/../lib]
    arg [-L/usr/lib/gcc/x86_64-linux-gnu/10/../../..] ==> dir [/usr/lib/gcc/x86_64-linux-gnu/10/../../..]
    arg [CMakeFiles/cmTC_565e1.dir/CMakeCCompilerABI.c.o] ==> ignore
    arg [-lgcc] ==> lib [gcc]
    arg [--push-state] ==> ignore
    arg [--as-needed] ==> ignore
    arg [-lgcc_s] ==> lib [gcc_s]
    arg [--pop-state] ==> ignore
    arg [-lc] ==> lib [c]
    arg [-lgcc] ==> lib [gcc]
    arg [--push-state] ==> ignore
    arg [--as-needed] ==> ignore
    arg [-lgcc_s] ==> lib [gcc_s]
    arg [--pop-state] ==> ignore
    arg [/usr/lib/gcc/x86_64-linux-gnu/10/crtendS.o] ==> ignore
    arg [/usr/lib/gcc/x86_64-linux-gnu/10/../../../x86_64-linux-gnu/crtn.o] ==> ignore
  collapse library dir [/usr/lib/gcc/x86_64-linux-gnu/10] ==> [/usr/lib/gcc/x86_64-linux-gnu/10]
  collapse library dir [/usr/lib/gcc/x86_64-linux-gnu/10/../../../x86_64-linux-gnu] ==> [/usr/lib/x86_64-linux-gnu]
  collapse library dir [/usr/lib/gcc/x86_64-linux-gnu/10/../../../../lib] ==> [/usr/lib]
  collapse library dir [/lib/x86_64-linux-gnu] ==> [/lib/x86_64-linux-gnu]
  collapse library dir [/lib/../lib] ==> [/lib]
  collapse library dir [/usr/lib/x86_64-linux-gnu] ==> [/usr/lib/x86_64-linux-gnu]
  collapse library dir [/usr/lib/../lib] ==> [/usr/lib]
  collapse library dir [/usr/lib/gcc/x86_64-linux-gnu/10/../../..] ==> [/usr/lib]
  implicit libs: [gcc;gcc_s;c;gcc;gcc_s]
  implicit dirs: [/usr/lib/gcc/x86_64-linux-gnu/10;/usr/lib/x86_64-linux-gnu;/usr/lib;/lib/x86_64-linux-gnu;/lib]
  implicit fwks: []


Determining if the fork exist passed with the following output:
Change Dir: /home/proficionlcm/vscode/ShopSmart-Tracker/kivy-deps-build/kivy-dependencies/build/SDL2_mixer-2.6.3/build/CMakeFiles/CMakeTmp

Run Build Command(s):/usr/bin/ninja cmTC_0c7df && [1/2] Building C object CMakeFiles/cmTC_0c7df.dir/CheckSymbolExists.c.o
[2/2] Linking C executable cmTC_0c7df


File /home/proficionlcm/vscode/ShopSmart-Tracker/kivy-deps-build/kivy-dependencies/build/SDL2_mixer-2.6.3/build/CMakeFiles/CMakeTmp/CheckSymbolExists.c:
/* */
#include <sys/unistd.h>

int main(int argc, char** argv)
{
  (void)argv;
#ifndef fork
  return ((int*)(&fork))[argc];
#else
  (void)argc;
  return 0;
#endif
}
Compiling the CXX compiler identification source file "CMakeCXXCompilerId.cpp" succeeded.
Compiler: /usr/bin/c++ 
Build flags: 
Id flags:  

The output was:
0


Compilation of the CXX compiler identification source "CMakeCXXCompilerId.cpp" produced "a.out"

The CXX compiler identification is GNU, found in "/home/proficionlcm/vscode/ShopSmart-Tracker/kivy-deps-build/kivy-dependencies/build/SDL2_mixer-2.6.3/build/CMakeFiles/3.18.4/CompilerIdCXX/a.out"

Detecting CXX compiler ABI info compiled with the following output:
Change Dir: /home/proficionlcm/vscode/ShopSmart-Tracker/kivy-deps-build/kivy-dependencies/build/SDL2_mixer-2.6.3/build/CMakeFiles/CMakeTmp

Run Build Command(s):/usr/bin/ninja cmTC_90ca5 && [1/2] Building CXX object CMakeFiles/cmTC_90ca5.dir/CMakeCXXCompilerABI.cpp.o
Using built-in specs.
COLLECT_GCC=/usr/bin/c++
OFFLOAD_TARGET_NAMES=nvptx-none:amdgcn-amdhsa:hsa
OFFLOAD_TARGET_DEFAULT=1
Target: x86_64-linux-gnu
Configured with: ../src/configure -v --with-pkgversion='Debian 10.2.1-6' --with-bugurl=file:///usr/share/doc/gcc-10/README.Bugs --enable-languages=c,ada,c++,go,brig,d,fortran,objc,obj-c++,m2 --prefix=/usr --with-gcc-major-version-only --program-suffix=-10 --program-prefix=x86_64-linux-gnu- --enable-shared --enable-linker-build-id --libexecdir=/usr/lib --without-included-gettext --enable-threads=posix --libdir=/usr/lib --enable-nls --enable-bootstrap --enable-clocale=gnu --enable-libstdcxx-debug --enable-libstdcxx-time=yes --with-default-libstdcxx-abi=new --enable-gnu-unique-object --disable-vtable-verify --enable-plugin --enable-default-pie --with-system-zlib --enable-libphobos-checking=release --with-target-system-zlib=auto --enable-objc-gc=auto --enable-multiarch --disable-werror --with-arch-32=i686 --with-abi=m64 --with-multilib-list=m32,m64,mx32 --enable-multilib --with-tune=generic --enable-offload-targets=nvptx-none=/build/gcc-10-Km9U7s/gcc-10-10.2.1/debian/tmp-nvptx/usr,amdgcn-amdhsa=/build/gcc-10-Km9U7s/gcc-10-10.2.1/debian/tmp-gcn/usr,hsa --without-cuda-driver --enable-checking=release --build=x86_64-linux-gnu --host=x86_64-linux-gnu --target=x86_64-linux-gnu --with-build-config=bootstrap-lto-lean --enable-link-mutex
Thread model: posix
Supported LTO compression algorithms: zlib zstd
gcc version 10.2.1 20210110 (Debian 10.2.1-6) 
COLLECT_GCC_OPTIONS='-fPIE' '-v' '-o' 'CMakeFiles/cmTC_90ca5.dir/CMakeCXXCompilerABI.cpp.o' '-c' '-shared-libgcc' '-mtune=generic' '-march=x86-64'
 /usr/lib/gcc/x86_64-linux-gnu/10/cc1plus -quiet -v -imultiarch x86_64-linux-gnu -D_GNU_SOURCE /usr/share/cmake-3.18/Modules/CMakeCXXCompilerABI.cpp -quiet -dumpbase CMakeCXXCompilerABI.cpp -mtune=generic -march=x86-64 -auxbase-strip CMakeFiles/cmTC_90ca5.dir/CMakeCXXCompilerABI.cpp.o -version -fPIE -fasynchronous-unwind-tables -o /tmp/ccbFe6CZ.s
GNU C++14 (Debian 10.2.1-6) version 10.2.1 20210110 (x86_64-linux-gnu)
	compiled by GNU C version 10.2.1 20210110, GMP version 6.2.1, MPFR version 4.1.0, MPC version 1.2.0, isl version isl-0.23-GMP

GGC heuristics: --param ggc-min-expand=100 --param ggc-min-heapsize=131072
ignoring duplicate directory "/usr/include/x86_64-linux-gnu/c++/10"
ignoring nonexistent directory "/usr/local/include/x86_64-linux-gnu"
ignoring nonexistent directory "/usr/lib/gcc/x86_64-linux-gnu/10/include-fixed"
ignoring nonexistent directory "/usr/lib/gcc/x86_64-linux-gnu/10/../../../../x86_64-linux-gnu/include"
#include "..." search starts here:
#include <...> search starts here:
 /usr/include/c++/10
 /usr/include/x86_64-linux-gnu/c++/10
 /usr/include/c++/10/backward
 /usr/lib/gcc/x86_64-linux-gnu/10/include
 /usr/local/include
 /usr/include/x86_64-linux-gnu
 /usr/include
End of search list.
GNU C++14 (Debian 10.2.1-6) version 10.2.1 20210110 (x86_64-linux-gnu)
	compiled by GNU C version 10.2.1 20210110, GMP version 6.2.1, MPFR version 4.1.0, MPC version 1.2.0, isl version isl-0.23-GMP

GGC heuristics: --param ggc-min-expand=100 --param ggc-min-heapsize=131072
Compiler executable checksum: 048fcaee3460a99eb0d68522358720e1
COLLECT_GCC_OPTIONS='-fPIE' '-v' '-o' 'CMakeFiles/cmTC_90ca5.dir/CMakeCXXCompilerABI.cpp.o' '-c' '-shared-libgcc' '-mtune=generic' '-march=x86-64'
 as -v --64 -o CMakeFiles/cmTC_90ca5.dir/CMakeCXXCompilerABI.cpp.o /tmp/ccbFe6CZ.s
GNU assembler version 2.35.2 (x86_64-linux-gnu) using BFD version (GNU Binutils for Debian) 2.35.2
COMPILER_PATH=/usr/lib/gcc/x86_64-linux-gnu/10/:/usr/lib/gcc/x86_64-linux-gnu/10/:/usr/lib/gcc/x86_64-linux-gnu/:/usr/lib/gcc/x86_64-linux-gnu/10/:/usr/lib/gcc/x86_64-linux-gnu/
LIBRARY_PATH=/usr/lib/gcc/x86_64-linux-gnu/10/:/usr/lib/gcc/x86_64-linux-gnu/10/../../../x86_64-linux-gnu/:/usr/lib/gcc/x86_64-linux-gnu/10/../../../../lib/:/lib/x86_64-linux-gnu/:/lib/../lib/:/usr/lib/x86_64-linux-gnu/:/usr/lib/../lib/:/usr/lib/gcc/x86_64-linux-gnu/10/../../../:/lib/:/usr/lib/
COLLECT_GCC_OPTIONS='-fPIE' '-v' '-o' 'CMakeFiles/cmTC_90ca5.dir/CMakeCXXCompilerABI.cpp.o' '-c' '-shared-libgcc' '-mtune=generic' '-march=x86-64'
[2/2] Linking CXX executable cmTC_90ca5
Using built-in specs.
COLLECT_GCC=/usr/bin/c++
COLLECT_LTO_WRAPPER=/usr/lib/gcc/x86_64-linux-gnu/10/lto-wrapper
OFFLOAD_TARGET_NAMES=nvptx-none:amdgcn-amdhsa:hsa
OFFLOAD_TARGET_DEFAULT=1
Target: x86_64-linux-gnu
Configured with: ../src/configure -v --with-pkgversion='Debian 10.2.1-6' --with-bugurl=file:///usr/share/doc/gcc-10/README.Bugs --enable-languages=c,ada,c++,go,brig,d,fortran,objc,obj-c++,m2 --prefix=/usr --with-gcc-major-version-only --program-suffix=-10 --program-prefix=x86_64-linux-gnu- --enable-shared --enable-linker-build-id --libexecdir=/usr/lib --without-included-gettext --enable-threads=posix --libdir=/usr/lib --enable-nls --enable-bootstrap --enable-clocale=gnu --enable-libstdcxx-debug --enable-libstdcxx-time=yes --with-default-libstdcxx-abi=new --enable-gnu-unique-object --disable-vtable-verify --enable-plugin --enable-default-pie --with-system-zlib --enable-libphobos-checking=release --with-target-system-zlib=auto --enable-objc-gc=auto --enable-multiarch --disable-werror --with-arch-32=i686 --with-abi=m64 --with-multilib-list=m32,m64,mx32 --enable-multilib --with-tune=generic --enable-offload-targets=nvptx-none=/build/gcc-10-Km9U7s/gcc-10-10.2.1/debian/tmp-nvptx/usr,amdgcn-amdhsa=/build/gcc-10-Km9U7s/gcc-10-10.2.1/debian/tmp-gcn/usr,hsa --without-cuda-driver --enable-checking=release --build=x86_64-linux-gnu --host=x86_64-linux-gnu --target=x86_64-linux-gnu --with-build-config=bootstrap-lto-lean --enable-link-mutex
Thread model: posix
Supported LTO compression algorithms: zlib zstd
gcc version 10.2.1 20210110 (Debian 10.2.1-6) 
COMPILER_PATH=/usr/lib/gcc/x86_64-linux-gnu/10/:/usr/lib/gcc/x86_64-linux-gnu/10/:/usr/lib/gcc/x86_64-linux-gnu/:/usr/lib/gcc/x86_64-linux-gnu/10/:/usr/lib/gcc/x86_64-linux-gnu/
LIBRARY_PATH=/usr/lib/gcc/x86_64-linux-gnu/10/:/usr/lib/gcc/x86_64-linux-gnu/10/../../../x86_64-linux-gnu/:/usr/lib/gcc/x86_64-linux-gnu/10/../../../../lib/:/lib/x86_64-linux-gnu/:/lib/../lib/:/usr/lib/x86_64-linux-gnu/:/usr/lib/../lib/:/usr/lib/gcc/x86_64-linux-gnu/10/../../../:/lib/:/usr/lib/
COLLECT_GCC_OPTIONS='-v' '-o' 'cmTC_90ca5' '-shared-libgcc' '-mtune=generic' '-march=x86-64'
 /usr/lib/gcc/x86_64-linux-gnu/10/collect2 -plugin /usr/lib/gcc/x86_64-linux-gnu/10/liblto_plugin.so -plugin-opt=/usr/lib/gcc/x86_64-linux-gnu/10/lto-wrapper -plugin-opt=-fresolution=/tmp/cczd2FPj.res -plugin-opt=-pass-through=-lgcc_s -plugin-opt=-pass-through=-lgcc -plugin-opt=-pass-through=-lc -plugin-opt=-pass-through=-lgcc_s -plugin-opt=-pass-through=-lgcc --build-id --eh-frame-hdr -m elf_x86_64 --hash-style=gnu --as-needed -dynamic-linker /lib64/ld-linux-x86-64.so.2 -pie -o cmTC_90ca5 /usr/lib/gcc/x86_64-linux-gnu/10/../../../x86_64-linux-gnu/Scrt1.o /usr/lib/gcc/x86_64-linux-gnu/10/../../../x86_64-linux-gnu/crti.o /usr/lib/gcc/x86_64-linux-gnu/10/crtbeginS.o -L/usr/lib/gcc/x86_64-linux-gnu/10 -L/usr/lib/gcc/x86_64-linux-gnu/10/../../../x86_64-linux-gnu -L/usr/lib/gcc/x86_64-linux-gnu/10/../../../../lib -L/lib/x86_64-linux-gnu -L/lib/../lib -L/usr/lib/x86_64-linux-gnu -L/usr/lib/../lib -L/usr/lib/gcc/x86_64-linux-gnu/10/../../.. CMakeFiles/cmTC_90ca5.dir/CMakeCXXCompilerABI.cpp.o -lstdc++ -lm -lgcc_s -lgcc -lc -lgcc_s -lgcc /usr/lib/gcc/x86_64-linux-gnu/10/crtendS.o /usr/lib/gcc/x86_64-linux-gnu/10/../../../x86_64-linux-gnu/crtn.o
COLLECT_GCC_OPTIONS='-v' '-o' 'cmTC_90ca5' '-shared-libgcc' '-mtune=generic' '-march=x86-64'



Parsed CXX implicit include dir info from above output: rv=done
  found start of include info
  found start of implicit include info
    add: [/usr/include/c++/10]
    add: [/usr/include/x86_64-linux-gnu/c++/10]
    add: [/usr/include/c++/10/backward]
    add: [/usr/lib/gcc/x86_64-linux-gnu/10/include]
    add: [/usr/local/include]
    add: [/usr/include/x86_64-linux-gnu]
    add: [/usr/include]
  end of search list found
  collapse include dir [/usr/include/c++/10] ==> [/usr/include/c++/10]
  collapse include dir [/usr/include/x86_64-linux-gnu/c++/10] ==> [/usr/include/x86_64-linux-gnu/c++/10]
  collapse include dir [/usr/include/c++/10/backward] ==> [/usr/include/c++/10/backward]
  collapse include dir [/usr/lib/gcc/x86_64-linux-gnu/10/include] ==> [/usr/lib/gcc/x86_64-linux-gnu/10/include]
  collapse include dir [/usr/local/include] ==> [/usr/local/include]
  collapse include dir [/usr/include/x86_64-linux-gnu] ==> [/usr/include/x86_64-linux-gnu]
  collapse include dir [/usr/include] ==> [/usr/include]
  implicit include dirs: [/usr/include/c++/10;/usr/include/x86_64-linux-gnu/c++/10;/usr/include/c++/10/backward;/usr/lib/gcc/x86_64-linux-gnu/10/include;/usr/local/include;/usr/include/x86_64-linux-gnu;/usr/include]


Parsed CXX implicit link information from above output:
  link line regex: [^( *|.*[/\])(ld|CMAKE_LINK_STARTFILE-NOTFOUND|([^/\]+-)?ld|collect2)[^/\]*( |$)]
  ignore line: [Change Dir: /home/proficionlcm/vscode/ShopSmart-Tracker/kivy-deps-build/kivy-dependencies/build/SDL2_mixer-2.6.3/build/CMakeFiles/CMakeTmp]
  ignore line: []
  ignore line: [Run Build Command(s):/usr/bin/ninja cmTC_90ca5 && [1/2] Building CXX object CMakeFiles/cmTC_90ca5.dir/CMakeCXXCompilerABI.cpp.o]
  ignore line: [Using built-in specs.]
  ignore line: [COLLECT_GCC=/usr/bin/c++]
  ignore line: [OFFLOAD_TARGET_NAMES=nvptx-none:amdgcn-amdhsa:hsa]
  ignore line: [OFFLOAD_TARGET_DEFAULT=1]
  ignore line: [Target: x86_64-linux-gnu]
  ignore line: [Configured with: ../src/configure -v --with-pkgversion='Debian 10.2.1-6' --with-bugurl=file:///usr/share/doc/gcc-10/README.Bugs --enable-languages=c ada c++ go brig d fortran objc obj-c++ m2 --prefix=/usr --with-gcc-major-version-only --program-suffix=-10 --program-prefix=x86_64-linux-gnu- --enable-shared --enable-linker-build-id --libexecdir=/usr/lib --without-included-gettext --enable-threads=posix --libdir=/usr/lib --enable-nls --enable-bootstrap --enable-clocale=gnu --enable-libstdcxx-debug --enable-libstdcxx-time=yes --with-default-libstdcxx-abi=new --enable-gnu-unique-object --disable-vtable-verify --enable-plugin --enable-default-pie --with-system-zlib --enable-libphobos-checking=release --with-target-system-zlib=auto --enable-objc-gc=auto --enable-multiarch --disable-werror --with-arch-32=i686 --with-abi=m64 --with-multilib-list=m32 m64 mx32 --enable-multilib --with-tune=generic --enable-offload-targets=nvptx-none=/build/gcc-10-Km9U7s/gcc-10-10.2.1/debian/tmp-nvptx/usr amdgcn-amdhsa=/build/gcc-10-Km9U7s/gcc-10-10.2.1/debian/tmp-gcn/usr hsa --without-cuda-driver --enable-checking=release --build=x86_64-linux-gnu --host=x86_64-linux-gnu --target=x86_64-linux-gnu --with-build-config=bootstrap-lto-lean --enable-link-mutex]
  ignore line: [Thread model: posix]
  ignore line: [Supported LTO compression algorithms: zlib zstd]
  ignore line: [gcc version 10.2.1 20210110 (Debian 10.2.1-6) ]
  ignore line: [COLLECT_GCC_OPTIONS='-fPIE' '-v' '-o' 'CMakeFiles/cmTC_90ca5.dir/CMakeCXXCompilerABI.cpp.o' '-c' '-shared-libgcc' '-mtune=generic' '-march=x86-64']
  ignore line: [ /usr/lib/gcc/x86_64-linux-gnu/10/cc1plus -quiet -v -imultiarch x86_64-linux-gnu -D_GNU_SOURCE /usr/share/cmake-3.18/Modules/CMakeCXXCompilerABI.cpp -quiet -dumpbase CMakeCXXCompilerABI.cpp -mtune=generic -march=x86-64 -auxbase-strip CMakeFiles/cmTC_90ca5.dir/CMakeCXXCompilerABI.cpp.o -version -fPIE -fasynchronous-unwind-tables -o /tmp/ccbFe6CZ.s]
  ignore line: [GNU C++14 (Debian 10.2.1-6) version 10.2.1 20210110 (x86_64-linux-gnu)]
  ignore line: [	compiled by GNU C version 10.2.1 20210110  GMP version 6.2.1  MPFR version 4.1.0  MPC version 1.2.0  isl version isl-0.23-GMP]
  ignore line: []
  ignore line: [GGC heuristics: --param ggc-min-expand=100 --param ggc-min-heapsize=131072]
  ignore line: [ignoring duplicate directory "/usr/include/x86_64-linux-gnu/c++/10"]
  ignore line: [ignoring nonexistent directory "/usr/local/include/x86_64-linux-gnu"]
  ignore line: [ignoring nonexistent directory "/usr/lib/gcc/x86_64-linux-gnu/10/include-fixed"]
  ignore line: [ignoring nonexistent directory "/usr/lib/gcc/x86_64-linux-gnu/10/../../../../x86_64-linux-gnu/include"]
  ignore line: [#include "..." search starts here:]
  ignore line: [#include <...> search starts here:]
  ignore line: [ /usr/include/c++/10]
  ignore line: [ /usr/include/x86_64-linux-gnu/c++/10]
  ignore line: [ /usr/include/c++/10/backward]
  ignore line: [ /usr/lib/gcc/x86_64-linux-gnu/10/include]
  ignore line: [ /usr/local/include]
  ignore line: [ /usr/include/x86_64-linux-gnu]
  ignore line: [ /usr/include]
  ignore line: [End of search list.]
  ignore line: [GNU C++14 (Debian 10.2.1-6) version 10.2.1 20210110 (x86_64-linux-gnu)]
  ignore line: [	compiled by GNU C version 10.2.1 20210110  GMP version 6.2.1  MPFR version 4.1.0  MPC version 1.2.0  isl version isl-0.23-GMP]
  ignore line: []
  ignore line: [GGC heuristics: --param ggc-min-expand=100 --param ggc-min-heapsize=131072]
  ignore line: [Compiler executable checksum: 048fcaee3460a99eb0d68522358720e1]
  ignore line: [COLLECT_GCC_OPTIONS='-fPIE' '-v' '-o' 'CMakeFiles/cmTC_90ca5.dir/CMakeCXXCompilerABI.cpp.o' '-c' '-shared-libgcc' '-mtune=generic' '-march=x86-64']
  ignore line: [ as -v --64 -o CMakeFiles/cmTC_90ca5.dir/CMakeCXXCompilerABI.cpp.o /tmp/ccbFe6CZ.s]
  ignore line: [GNU assembler version 2.35.2 (x86_64-linux-gnu) using BFD version (GNU Binutils for Debian) 2.35.2]
  ignore line: [COMPILER_PATH=/usr/lib/gcc/x86_64-linux-gnu/10/:/usr/lib/gcc/x86_64-linux-gnu/10/:/usr/lib/gcc/x86_64-linux-gnu/:/usr/lib/gcc/x86_64-linux-gnu/10/:/usr/lib/gcc/x86_64-linux-gnu/]
  ignore line: [LIBRARY_PATH=/usr/lib/gcc/x86_64-linux-gnu/10/:/usr/lib/gcc/x86_64-linux-gnu/10/../../../x86_64-linux-gnu/:/usr/lib/gcc/x86_64-linux-gnu/10/../../../../lib/:/lib/x86_64-linux-gnu/:/lib/../lib/:/usr/lib/x86_64-linux-gnu/:/usr/lib/../lib/:/usr/lib/gcc/x86_64-linux-gnu/10/../../../:/lib/:/usr/lib/]
  ignore line: [COLLECT_GCC_OPTIONS='-fPIE' '-v' '-o' 'CMakeFiles/cmTC_90ca5.dir/CMakeCXXCompilerABI.cpp.o' '-c' '-shared-libgcc' '-mtune=generic' '-march=x86-64']
  ignore line: [[2/2] Linking CXX executable cmTC_90ca5]
  ignore line: [Using built-in specs.]
  ignore line: [COLLECT_GCC=/usr/bin/c++]
  ignore line: [COLLECT_LTO_WRAPPER=/usr/lib/gcc/x86_64-linux-gnu/10/lto-wrapper]
  ignore line: [OFFLOAD_TARGET_NAMES=nvptx-none:amdgcn-amdhsa:hsa]
  ignore line: [OFFLOAD_TARGET_DEFAULT=1]
  ignore line: [Target: x86_64-linux-gnu]
  ignore line: [Configured with: ../src/configure -v --with-pkgversion='Debian 10.2.1-6' --with-bugurl=file:///usr/share/doc/gcc-10/README.Bugs --enable-languages=c ada c++ go brig d fortran objc obj-c++ m2 --prefix=/usr --with-gcc-major-version-only --program-suffix=-10 --program-prefix=x86_64-linux-gnu- --enable-shared --enable-linker-build-id --libexecdir=/usr/lib --without-included-gettext --enable-threads=posix --libdir=/usr/lib --enable-nls --enable-bootstrap --enable-clocale=gnu --enable-libstdcxx-debug --enable-libstdcxx-time=yes --with-default-libstdcxx-abi=new --enable-gnu-unique-object --disable-vtable-verify --enable-plugin --enable-default-pie --with-system-zlib --enable-libphobos-checking=release --with-target-system-zlib=auto --enable-objc-gc=auto --enable-multiarch --disable-werror --with-arch-32=i686 --with-abi=m64 --with-multilib-list=m32 m64 mx32 --enable-multilib --with-tune=generic --enable-offload-targets=nvptx-none=/build/gcc-10-Km9U7s/gcc-10-10.2.1/debian/tmp-nvptx/usr amdgcn-amdhsa=/build/gcc-10-Km9U7s/gcc-10-10.2.1/debian/tmp-gcn/usr hsa --without-cuda-driver --enable-checking=release --build=x86_64-linux-gnu --host=x86_64-linux-gnu --target=x86_64-linux-gnu --with-build-config=bootstrap-lto-lean --enable-link-mutex]
  ignore line: [Thread model: posix]
  ignore line: [Supported LTO compression algorithms: zlib zstd]
  ignore line: [gcc version 10.2.1 20210110 (Debian 10.2.1-6) ]
  ignore line: [COMPILER_PATH=/usr/lib/gcc/x86_64-linux-gnu/10/:/usr/lib/gcc/x86_64-linux-gnu/10/:/usr/lib/gcc/x86_64-linux-gnu/:/usr/lib/gcc/x86_64-linux-gnu/10/:/usr/lib/gcc/x86_64-linux-gnu/]
  ignore line: [LIBRARY_PATH=/usr/lib/gcc/x86_64-linux-gnu/10/:/usr/lib/gcc/x86_64-linux-gnu/10/../../../x86_64-linux-gnu/:/usr/lib/gcc/x86_64-linux-gnu/10/../../../../lib/:/lib/x86_64-linux-gnu/:/lib/../lib/:/usr/lib/x86_64-linux-gnu/:/usr/lib/../lib/:/usr/lib/gcc/x86_64-linux-gnu/10/../../../:/lib/:/usr/lib/]
  ignore line: [COLLECT_GCC_OPTIONS='-v' '-o' 'cmTC_90ca5' '-shared-libgcc' '-mtune=generic' '-march=x86-64']
  link line: [ /usr/lib/gcc/x86_64-linux-gnu/10/collect2 -plugin /usr/lib/gcc/x86_64-linux-gnu/10/liblto_plugin.so -plugin-opt=/usr/lib/gcc/x86_64-linux-gnu/10/lto-wrapper -plugin-opt=-fresolution=/tmp/cczd2FPj.res -plugin-opt=-pass-through=-lgcc_s -plugin-opt=-pass-through=-lgcc -plugin-opt=-pass-through=-lc -plugin-opt=-pass-through=-lgcc_s -plugin-opt=-pass-through=-lgcc --build-id --eh-frame-hdr -m elf_x86_64 --hash-style=gnu --as-needed -dynamic-linker /lib64/ld-linux-x86-64.so.2 -pie -o cmTC_90ca5 /usr/lib/gcc/x86_64-linux-gnu/10/../../../x86_64-linux-gnu/Scrt1.o /usr/lib/gcc/x86_64-linux-gnu/10/../../../x86_64-linux-gnu/crti.o /usr/lib/gcc/x86_64-linux-gnu/10/crtbeginS.o -L/usr/lib/gcc/x86_64-linux-gnu/10 -L/usr/lib/gcc/x86_64-linux-gnu/10/../../../x86_64-linux-gnu -L/usr/lib/gcc/x86_64-linux-gnu/10/../../../../lib -L/lib/x86_64-linux-gnu -L/lib/../lib -L/usr/lib/x86_64-linux-gnu -L/usr/lib/../lib -L/usr/lib/gcc/x86_64-linux-gnu/10/../../.. CMakeFiles/cmTC_90ca5.dir/CMakeCXXCompilerABI.cpp.o -lstdc++ -lm -lgcc_s -lgcc -lc -lgcc_s -lgcc /usr/lib/gcc/x86_64-linux-gnu/10/crtendS.o /usr/lib/gcc/x86_64-linux-gnu/10/../../../x86_64-linux-gnu/crtn.o]
    arg [/usr/lib/gcc/x86_64-linux-gnu/10/collect2] ==> ignore
    arg [-plugin] ==> ignore
    arg [/usr/lib/gcc/x86_64-linux-gnu/10/liblto_plugin.so] ==> ignore
    arg [-plugin-opt=/usr/lib/gcc/x86_64-linux-gnu/10/lto-wrapper] ==> ignore
    arg [-plugin-opt=-fresolution=/tmp/cczd2FPj.res] ==> ignore
    arg [-plugin-opt=-pass-through=-lgcc_s] ==> ignore
    arg [-plugin-opt=-pass-through=-lgcc] ==> ignore
    arg [-plugin-opt=-pass-through=-lc] ==> ignore
    arg [-plugin-opt=-pass-through=-lgcc_s] ==> ignore
    arg [-plugin-opt=-pass-through=-lgcc] ==> ignore
    arg [--build-id] ==> ignore
    arg [--eh-frame-hdr] ==> ignore
    arg [-m] ==> ignore
    arg [elf_x86_64] ==> ignore
    arg [--hash-style=gnu] ==> ignore
    arg [--as-needed] ==> ignore
    arg [-dynamic-linker] ==> ignore
    arg [/lib64/ld-linux-x86-64.so.2] ==> ignore
    arg [-pie] ==> ignore
    arg [-o] ==> ignore
    arg [cmTC_90ca5] ==> ignore
    arg [/usr/lib/gcc/x86_64-linux-gnu/10/../../../x86_64-linux-gnu/Scrt1.o] ==> ignore
    arg [/usr/lib/gcc/x86_64-linux-gnu/10/../../../x86_64-linux-gnu/crti.o] ==> ignore
    arg [/usr/lib/gcc/x86_64-linux-gnu/10/crtbeginS.o] ==> ignore
    arg [-L/usr/lib/gcc/x86_64-linux-gnu/10] ==> dir [/usr/lib/gcc/x86_64-linux-gnu/10]
    arg [-L/usr/lib/gcc/x86_64-linux-gnu/10/../../../x86_64-linux-gnu] ==> dir [/usr/lib/gcc/x86_64-linux-gnu/10/../../../x86_64-linux-gnu]
    arg [-L/usr/lib/gcc/x86_64-linux-gnu/10/../../../../lib] ==> dir [/usr/lib/gcc/x86_64-linux-gnu/10/../../../../lib]
    arg [-L/lib/x86_64-linux-gnu] ==> dir [/lib/x86_64-linux-gnu]
    arg [-L/lib/../lib] ==> dir [/lib/../lib]
    arg [-L/usr/lib/x86_64-linux-gnu] ==> dir [/usr/lib/x86_64-linux-gnu]
    arg [-L/usr/lib/../lib] ==> dir [/usr/lib/../lib]
    arg [-L/usr/lib/gcc/x86_64-linux-gnu/10/../../..] ==> dir [/usr/lib/gcc/x86_64-linux-gnu/10/../../..]
    arg [CMakeFiles/cmTC_90ca5.dir/CMakeCXXCompilerABI.cpp.o] ==> ignore
    arg [-lstdc++] ==> lib [stdc++]
    arg [-lm] ==> lib [m]
    arg [-lgcc_s] ==> lib [gcc_s]
    arg [-lgcc] ==> lib [gcc]
    arg [-lc] ==> lib [c]
    arg [-lgcc_s] ==> lib [gcc_s]
    arg [-lgcc] ==> lib [gcc]
    arg [/usr/lib/gcc/x86_64-linux-gnu/10/crtendS.o] ==> ignore
    arg [/usr/lib/gcc/x86_64-linux-gnu/10/../../../x86_64-linux-gnu/crtn.o] ==> ignore
  collapse library dir [/usr/lib/gcc/x86_64-linux-gnu/10] ==> [/usr/lib/gcc/x86_64-linux-gnu/10]
  collapse library dir [/usr/lib/gcc/x86_64-linux-gnu/10/../../../x86_64-linux-gnu] ==> [/usr/lib/x86_64-linux-gnu]
  collapse library dir [/usr/lib/gcc/x86_64-linux-gnu/10/../../../../lib] ==> [/usr/lib]
  collapse library dir [/lib/x86_64-linux-gnu] ==> [/lib/x86_64-linux-gnu]
  collapse library dir [/lib/../lib] ==> [/lib]
  collapse library dir [/usr/lib/x86_64-linux-gnu] ==> [/usr/lib/x86_64-linux-gnu]
  collapse library dir [/usr/lib/../lib] ==> [/usr/lib]
  collapse library dir [/usr/lib/gcc/x86_64-linux-gnu/10/../../..] ==> [/usr/lib]
  implicit libs: [stdc++;m;gcc_s;gcc;c;gcc_s;gcc]
  implicit dirs: [/usr/lib/gcc/x86_64-linux-gnu/10;/usr/lib/x86_64-linux-gnu;/usr/lib;/lib/x86_64-linux-gnu;/lib]
  implicit fwks: []


Determining if files inttypes.h exist passed with the following output:
Change Dir: /home/proficionlcm/vscode/ShopSmart-Tracker/kivy-deps-build/kivy-dependencies/build/SDL2_mixer-2.6.3/build/CMakeFiles/CMakeTmp

Run Build Command(s):/usr/bin/ninja cmTC_31fd8 && [1/2] Building C object CMakeFiles/cmTC_31fd8.dir/INCLUDE_INTTYPES_H.c.o
[2/2] Linking C executable cmTC_31fd8



Determining if files stdint.h exist passed with the following output:
Change Dir: /home/proficionlcm/vscode/ShopSmart-Tracker/kivy-deps-build/kivy-dependencies/build/SDL2_mixer-2.6.3/build/CMakeFiles/CMakeTmp

Run Build Command(s):/usr/bin/ninja cmTC_badbf && [1/2] Building C object CMakeFiles/cmTC_badbf.dir/INCLUDE_STDINT_H.c.o
[2/2] Linking C executable cmTC_badbf



Determining if files sys/types.h exist passed with the following output:
Change Dir: /home/proficionlcm/vscode/ShopSmart-Tracker/kivy-deps-build/kivy-dependencies/build/SDL2_mixer-2.6.3/build/CMakeFiles/CMakeTmp

Run Build Command(s):/usr/bin/ninja cmTC_2dd10 && [1/2] Building C object CMakeFiles/cmTC_2dd10.dir/INCLUDE_SYS_TYPES_H.c.o
[2/2] Linking C executable cmTC_2dd10



Determining if the include file sys/types.h exists passed with the following output:
Change Dir: /home/proficionlcm/vscode/ShopSmart-Tracker/kivy-deps-build/kivy-dependencies/build/SDL2_mixer-2.6.3/build/CMakeFiles/CMakeTmp

Run Build Command(s):/usr/bin/ninja cmTC_f88ab && [1/2] Building C object CMakeFiles/cmTC_f88ab.dir/CheckIncludeFile.c.o
[2/2] Linking C executable cmTC_f88ab



Determining if the include file stdint.h exists passed with the following output:
Change Dir: /home/proficionlcm/vscode/ShopSmart-Tracker/kivy-deps-build/kivy-dependencies/build/SDL2_mixer-2.6.3/build/CMakeFiles/CMakeTmp

Run Build Command(s):/usr/bin/ninja cmTC_273fc && [1/2] Building C object CMakeFiles/cmTC_273fc.dir/CheckIncludeFile.c.o
[2/2] Linking C executable cmTC_273fc



Determining if the include file stddef.h exists passed with the following output:
Change Dir: /home/proficionlcm/vscode/ShopSmart-Tracker/kivy-deps-build/kivy-dependencies/build/SDL2_mixer-2.6.3/build/CMakeFiles/CMakeTmp

Run Build Command(s):/usr/bin/ninja cmTC_49969 && [1/2] Building C object CMakeFiles/cmTC_49969.dir/CheckIncludeFile.c.o
[2/2] Linking C executable cmTC_49969



Determining size of int16_t passed with the following output:
Change Dir: /home/proficionlcm/vscode/ShopSmart-Tracker/kivy-deps-build/kivy-dependencies/build/SDL2_mixer-2.6.3/build/CMakeFiles/CMakeTmp

Run Build Command(s):/usr/bin/ninja cmTC_fd741 && [1/2] Building C object CMakeFiles/cmTC_fd741.dir/INT16_SIZE.c.o
[2/2] Linking C executable cmTC_fd741



Determining size of uint16_t passed with the following output:
Change Dir: /home/proficionlcm/vscode/ShopSmart-Tracker/kivy-deps-build/kivy-dependencies/build/SDL2_mixer-2.6.3/build/CMakeFiles/CMakeTmp

Run Build Command(s):/usr/bin/ninja cmTC_457ee && [1/2] Building C object CMakeFiles/cmTC_457ee.dir/UINT16_SIZE.c.o
[2/2] Linking C executable cmTC_457ee



Determining size of u_int16_t passed with the following output:
Change Dir: /home/proficionlcm/vscode/ShopSmart-Tracker/kivy-deps-build/kivy-dependencies/build/SDL2_mixer-2.6.3/build/CMakeFiles/CMakeTmp

Run Build Command(s):/usr/bin/ninja cmTC_e4333 && [1/2] Building C object CMakeFiles/cmTC_e4333.dir/U_INT16_SIZE.c.o
[2/2] Linking C executable cmTC_e4333



Determining size of int32_t passed with the following output:
Change Dir: /home/proficionlcm/vscode/ShopSmart-Tracker/kivy-deps-build/kivy-dependencies/build/SDL2_mixer-2.6.3/build/CMakeFiles/CMakeTmp

Run Build Command(s):/usr/bin/ninja cmTC_0600b && [1/2] Building C object CMakeFiles/cmTC_0600b.dir/INT32_SIZE.c.o
[2/2] Linking C executable cmTC_0600b



Determining size of uint32_t passed with the following output:
Change Dir: /home/proficionlcm/vscode/ShopSmart-Tracker/kivy-deps-build/kivy-dependencies/build/SDL2_mixer-2.6.3/build/CMakeFiles/CMakeTmp

Run Build Command(s):/usr/bin/ninja cmTC_fc0dd && [1/2] Building C object CMakeFiles/cmTC_fc0dd.dir/UINT32_SIZE.c.o
[2/2] Linking C executable cmTC_fc0dd



Determining size of u_int32_t passed with the following output:
Change Dir: /home/proficionlcm/vscode/ShopSmart-Tracker/kivy-deps-build/kivy-dependencies/build/SDL2_mixer-2.6.3/build/CMakeFiles/CMakeTmp

Run Build Command(s):/usr/bin/ninja cmTC_961f4 && [1/2] Building C object CMakeFiles/cmTC_961f4.dir/U_INT32_SIZE.c.o
[2/2] Linking C executable cmTC_961f4



Determining size of int64_t passed with the following output:
Change Dir: /home/proficionlcm/vscode/ShopSmart-Tracker/kivy-deps-build/kivy-dependencies/build/SDL2_mixer-2.6.3/build/CMakeFiles/CMakeTmp

Run Build Command(s):/usr/bin/ninja cmTC_fe98e && [1/2] Building C object CMakeFiles/cmTC_fe98e.dir/INT64_SIZE.c.o
[2/2] Linking C executable cmTC_fe98e



Determining size of short passed with the following output:
Change Dir: /home/proficionlcm/vscode/ShopSmart-Tracker/kivy-deps-build/kivy-dependencies/build/SDL2_mixer-2.6.3/build/CMakeFiles/CMakeTmp

Run Build Command(s):/usr/bin/ninja cmTC_474e3 && [1/2] Building C object CMakeFiles/cmTC_474e3.dir/SHORT_SIZE.c.o
[2/2] Linking C executable cmTC_474e3



Determining size of int passed with the following output:
Change Dir: /home/proficionlcm/vscode/ShopSmart-Tracker/kivy-deps-build/kivy-dependencies/build/SDL2_mixer-2.6.3/build/CMakeFiles/CMakeTmp

Run Build Command(s):/usr/bin/ninja cmTC_e2b21 && [1/2] Building C object CMakeFiles/cmTC_e2b21.dir/INT_SIZE.c.o
[2/2] Linking C executable cmTC_e2b21



Determining size of long passed with the following output:
Change Dir: /home/proficionlcm/vscode/ShopSmart-Tracker/kivy-deps-build/kivy-dependencies/build/SDL2_mixer-2.6.3/build/CMakeFiles/CMakeTmp

Run Build Command(s):/usr/bin/ninja cmTC_d538e && [1/2] Building C object CMakeFiles/cmTC_d538e.dir/LONG_SIZE.c.o
[2/2] Linking C executable cmTC_d538e



Determining size of long long passed with the following output:
Change Dir: /home/proficionlcm/vscode/ShopSmart-Tracker/kivy-deps-build/kivy-dependencies/build/SDL2_mixer-2.6.3/build/CMakeFiles/CMakeTmp

Run Build Command(s):/usr/bin/ninja cmTC_556f7 && [1/2] Building C object CMakeFiles/cmTC_556f7.dir/LONG_LONG_SIZE.c.o
[2/2] Linking C executable cmTC_556f7



Determining if the function floor exists in the m passed with the following output:
Change Dir: /home/proficionlcm/vscode/ShopSmart-Tracker/kivy-deps-build/kivy-dependencies/build/SDL2_mixer-2.6.3/build/CMakeFiles/CMakeTmp

Run Build Command(s):/usr/bin/ninja cmTC_c6899 && [1/2] Building C object CMakeFiles/cmTC_c6899.dir/CheckFunctionExists.c.o
<command-line>: warning: conflicting types for built-in function ‘floor’; expected ‘double(double)’ [-Wbuiltin-declaration-mismatch]
/usr/share/cmake-3.18/Modules/CheckFunctionExists.c:7:3: note: in expansion of macro ‘CHECK_FUNCTION_EXISTS’
    7 |   CHECK_FUNCTION_EXISTS(void);
      |   ^~~~~~~~~~~~~~~~~~~~~
/usr/share/cmake-3.18/Modules/CheckFunctionExists.c:1:1: note: ‘floor’ is declared in header ‘<math.h>’
  +++ |+#include <math.h>
    1 | #ifdef CHECK_FUNCTION_EXISTS
[2/2] Linking C executable cmTC_c6899



Determining if the function lrintf exists in the m passed with the following output:
Change Dir: /home/proficionlcm/vscode/ShopSmart-Tracker/kivy-deps-build/kivy-dependencies/build/SDL2_mixer-2.6.3/build/CMakeFiles/CMakeTmp

Run Build Command(s):/usr/bin/ninja cmTC_159c2 && [1/2] Building C object CMakeFiles/cmTC_159c2.dir/CheckFunctionExists.c.o
<command-line>: warning: conflicting types for built-in function ‘lrintf’; expected ‘long int(float)’ [-Wbuiltin-declaration-mismatch]
/usr/share/cmake-3.18/Modules/CheckFunctionExists.c:7:3: note: in expansion of macro ‘CHECK_FUNCTION_EXISTS’
    7 |   CHECK_FUNCTION_EXISTS(void);
      |   ^~~~~~~~~~~~~~~~~~~~~
/usr/share/cmake-3.18/Modules/CheckFunctionExists.c:1:1: note: ‘lrintf’ is declared in header ‘<math.h>’
  +++ |+#include <math.h>
    1 | #ifdef CHECK_FUNCTION_EXISTS
[2/2] Linking C executable cmTC_159c2



Determining if the function lrint exists in the m passed with the following output:
Change Dir: /home/proficionlcm/vscode/ShopSmart-Tracker/kivy-deps-build/kivy-dependencies/build/SDL2_mixer-2.6.3/build/CMakeFiles/CMakeTmp

Run Build Command(s):/usr/bin/ninja cmTC_aef42 && [1/2] Building C object CMakeFiles/cmTC_aef42.dir/CheckFunctionExists.c.o
<command-line>: warning: conflicting types for built-in function ‘lrint’; expected ‘long int(double)’ [-Wbuiltin-declaration-mismatch]
/usr/share/cmake-3.18/Modules/CheckFunctionExists.c:7:3: note: in expansion of macro ‘CHECK_FUNCTION_EXISTS’
    7 |   CHECK_FUNCTION_EXISTS(void);
      |   ^~~~~~~~~~~~~~~~~~~~~
/usr/share/cmake-3.18/Modules/CheckFunctionExists.c:1:1: note: ‘lrint’ is declared in header ‘<math.h>’
  +++ |+#include <math.h>
    1 | #ifdef CHECK_FUNCTION_EXISTS
[2/2] Linking C executable cmTC_aef42



Determining if the include file cpuid.h exists passed with the following output:
Change Dir: /home/proficionlcm/vscode/ShopSmart-Tracker/kivy-deps-build/kivy-dependencies/build/SDL2_mixer-2.6.3/build/CMakeFiles/CMakeTmp

Run Build Command(s):/usr/bin/ninja cmTC_37f3c && [1/2] Building C object CMakeFiles/cmTC_37f3c.dir/CheckIncludeFile.c.o
[2/2] Linking C executable cmTC_37f3c



Determining if the include file xmmintrin.h exists passed with the following output:
Change Dir: /home/proficionlcm/vscode/ShopSmart-Tracker/kivy-deps-build/kivy-dependencies/build/SDL2_mixer-2.6.3/build/CMakeFiles/CMakeTmp

Run Build Command(s):/usr/bin/ninja cmTC_58b16 && [1/2] Building C object CMakeFiles/cmTC_58b16.dir/CheckIncludeFile.c.o
[2/2] Linking C executable cmTC_58b16



Performing C SOURCE FILE Test SSE1_SUPPORTED succeeded with the following output:
Change Dir: /home/proficionlcm/vscode/ShopSmart-Tracker/kivy-deps-build/kivy-dependencies/build/SDL2_mixer-2.6.3/build/CMakeFiles/CMakeTmp

Run Build Command(s):/usr/bin/ninja cmTC_3f201 && [1/2] Building C object CMakeFiles/cmTC_3f201.dir/src.c.o
[2/2] Linking C executable cmTC_3f201


Source file was:
int main(void) { return 0; }
Determining if the include file emmintrin.h exists passed with the following output:
Change Dir: /home/proficionlcm/vscode/ShopSmart-Tracker/kivy-deps-build/kivy-dependencies/build/SDL2_mixer-2.6.3/build/CMakeFiles/CMakeTmp

Run Build Command(s):/usr/bin/ninja cmTC_d080b && [1/2] Building C object CMakeFiles/cmTC_d080b.dir/CheckIncludeFile.c.o
[2/2] Linking C executable cmTC_d080b



Performing C SOURCE FILE Test SSE2_SUPPORTED succeeded with the following output:
Change Dir: /home/proficionlcm/vscode/ShopSmart-Tracker/kivy-deps-build/kivy-dependencies/build/SDL2_mixer-2.6.3/build/CMakeFiles/CMakeTmp

Run Build Command(s):/usr/bin/ninja cmTC_13370 && [1/2] Building C object CMakeFiles/cmTC_13370.dir/src.c.o
[2/2] Linking C executable cmTC_13370


Source file was:
int main(void) { return 0; }
Determining if the include file smmintrin.h exists passed with the following output:
Change Dir: /home/proficionlcm/vscode/ShopSmart-Tracker/kivy-deps-build/kivy-dependencies/build/SDL2_mixer-2.6.3/build/CMakeFiles/CMakeTmp

Run Build Command(s):/usr/bin/ninja cmTC_ef039 && [1/2] Building C object CMakeFiles/cmTC_ef039.dir/CheckIncludeFile.c.o
[2/2] Linking C executable cmTC_ef039



Performing C SOURCE FILE Test SSE4_1_SUPPORTED succeeded with the following output:
Change Dir: /home/proficionlcm/vscode/ShopSmart-Tracker/kivy-deps-build/kivy-dependencies/build/SDL2_mixer-2.6.3/build/CMakeFiles/CMakeTmp

Run Build Command(s):/usr/bin/ninja cmTC_38c79 && [1/2] Building C object CMakeFiles/cmTC_38c79.dir/src.c.o
[2/2] Linking C executable cmTC_38c79


Source file was:
int main(void) { return 0; }
Determining if the include file immintrin.h exists passed with the following output:
Change Dir: /home/proficionlcm/vscode/ShopSmart-Tracker/kivy-deps-build/kivy-dependencies/build/SDL2_mixer-2.6.3/build/CMakeFiles/CMakeTmp

Run Build Command(s):/usr/bin/ninja cmTC_e459e && [1/2] Building C object CMakeFiles/cmTC_e459e.dir/CheckIncludeFile.c.o
[2/2] Linking C executable cmTC_e459e



Performing C SOURCE FILE Test AVX_SUPPORTED succeeded with the following output:
Change Dir: /home/proficionlcm/vscode/ShopSmart-Tracker/kivy-deps-build/kivy-dependencies/build/SDL2_mixer-2.6.3/build/CMakeFiles/CMakeTmp

Run Build Command(s):/usr/bin/ninja cmTC_31ae4 && [1/2] Building C object CMakeFiles/cmTC_31ae4.dir/src.c.o
[2/2] Linking C executable cmTC_31ae4


Source file was:
int main(void) { return 0; }
Performing C SOURCE FILE Test STACK_PROTECTION_STRONG_SUPPORTED succeeded with the following output:
Change Dir: /home/proficionlcm/vscode/ShopSmart-Tracker/kivy-deps-build/kivy-dependencies/build/SDL2_mixer-2.6.3/build/CMakeFiles/CMakeTmp

Run Build Command(s):/usr/bin/ninja cmTC_b68ea && [1/2] Building C object CMakeFiles/cmTC_b68ea.dir/src.c.o
[2/2] Linking C executable cmTC_b68ea


Source file was:
int main(void) { return 0; }
Performing C SOURCE FILE Test COMPILER_HAS_HIDDEN_VISIBILITY succeeded with the following output:
Change Dir: /home/proficionlcm/vscode/ShopSmart-Tracker/kivy-deps-build/kivy-dependencies/build/SDL2_mixer-2.6.3/build/CMakeFiles/CMakeTmp

Run Build Command(s):/usr/bin/ninja cmTC_280b7 && [1/2] Building C object CMakeFiles/cmTC_280b7.dir/src.c.o
[2/2] Linking C executable cmTC_280b7


Source file was:
int main(void) { return 0; }
Determining if the function lrintf exists in the m passed with the following output:
Change Dir: /home/proficionlcm/vscode/ShopSmart-Tracker/kivy-deps-build/kivy-dependencies/build/SDL2_mixer-2.6.3/build/CMakeFiles/CMakeTmp

Run Build Command(s):/usr/bin/ninja cmTC_760ac && [1/2] Building C object CMakeFiles/cmTC_760ac.dir/CheckFunctionExists.c.o
<command-line>: warning: conflicting types for built-in function ‘lrintf’; expected ‘long int(float)’ [-Wbuiltin-declaration-mismatch]
/usr/share/cmake-3.18/Modules/CheckFunctionExists.c:7:3: note: in expansion of macro ‘CHECK_FUNCTION_EXISTS’
    7 |   CHECK_FUNCTION_EXISTS(void);
      |   ^~~~~~~~~~~~~~~~~~~~~
/usr/share/cmake-3.18/Modules/CheckFunctionExists.c:1:1: note: ‘lrintf’ is declared in header ‘<math.h>’
  +++ |+#include <math.h>
    1 | #ifdef CHECK_FUNCTION_EXISTS
[2/2] Linking C executable cmTC_760ac



Determining if the lrintf exist passed with the following output:
Change Dir: /home/proficionlcm/vscode/ShopSmart-Tracker/kivy-deps-build/kivy-dependencies/build/SDL2_mixer-2.6.3/build/CMakeFiles/CMakeTmp

Run Build Command(s):/usr/bin/ninja cmTC_08b32 && [1/2] Building C object CMakeFiles/cmTC_08b32.dir/CheckSymbolExists.c.o
[2/2] Linking C executable cmTC_08b32


File /home/proficionlcm/vscode/ShopSmart-Tracker/kivy-deps-build/kivy-dependencies/build/SDL2_mixer-2.6.3/build/CMakeFiles/CMakeTmp/CheckSymbolExists.c:
/* */
#include <math.h>

int main(int argc, char** argv)
{
  (void)argv;
#ifndef lrintf
  return ((int*)(&lrintf))[argc];
#else
  (void)argc;
  return 0;
#endif
}
Performing C SOURCE FILE Test Iconv_IS_BUILT_IN succeeded with the following output:
Change Dir: /home/proficionlcm/vscode/ShopSmart-Tracker/kivy-deps-build/kivy-dependencies/build/SDL2_mixer-2.6.3/build/CMakeFiles/CMakeTmp

Run Build Command(s):/usr/bin/ninja cmTC_f869d && [1/2] Building C object CMakeFiles/cmTC_f869d.dir/src.c.o
[2/2] Linking C executable cmTC_f869d


Source file was:

      #include <stddef.h>
      #include <iconv.h>
      int main() {
        char *a, *b;
        size_t i, j;
        iconv_t ic;
        ic = iconv_open("to", "from");
        iconv(ic, &a, &i, &b, &j);
        iconv_close(ic);
      }
      
Performing C SOURCE FILE Test DODEFINE_FORTIFY_SOURCE succeeded with the following output:
Change Dir: /home/proficionlcm/vscode/ShopSmart-Tracker/kivy-deps-build/kivy-dependencies/build/SDL2_mixer-2.6.3/build/CMakeFiles/CMakeTmp

Run Build Command(s):/usr/bin/ninja cmTC_17297 && [1/2] Building C object CMakeFiles/cmTC_17297.dir/src.c.o
src.c:2:9: warning: function declaration isn’t a prototype [-Wstrict-prototypes]
    2 |     int main()
      |         ^~~~
[2/2] Linking C executable cmTC_17297


Source file was:

    int main()
    {
    #ifndef _FORTIFY_SOURCE
        return 0;
    #else
        this_is_an_error;
    #endif
    }
Performing C SOURCE FILE Test HAVE_MBSTATE succeeded with the following output:
Change Dir: /home/proficionlcm/vscode/ShopSmart-Tracker/kivy-deps-build/kivy-dependencies/build/SDL2_mixer-2.6.3/build/CMakeFiles/CMakeTmp

Run Build Command(s):/usr/bin/ninja cmTC_0bd38 && [1/2] Building C object CMakeFiles/cmTC_0bd38.dir/src.c.o
src.c:4:9: warning: function declaration isn’t a prototype [-Wstrict-prototypes]
    4 |     int main() { return 0; }
      |         ^~~~
[2/2] Linking C executable cmTC_0bd38


Source file was:

    #include <wchar.h>
    mbstate_t x;
    int main() { return 0; }
Performing C SOURCE FILE Test DODEFINE_EXTENSIONS succeeded with the following output:
Change Dir: /home/proficionlcm/vscode/ShopSmart-Tracker/kivy-deps-build/kivy-dependencies/build/SDL2_mixer-2.6.3/build/CMakeFiles/CMakeTmp

Run Build Command(s):/usr/bin/ninja cmTC_f9903 && [1/2] Building C object CMakeFiles/cmTC_f9903.dir/src.c.o
src.c:36:9: warning: function declaration isn’t a prototype [-Wstrict-prototypes]
   36 |     int main() { return 0; }
      |         ^~~~
[2/2] Linking C executable cmTC_f9903


Source file was:

    #define __EXTENSIONS__ 1
    #include <stdio.h>
    #ifdef HAVE_SYS_TYPES_H
    # include <sys/types.h>
    #endif
    #ifdef HAVE_SYS_STAT_H
    # include <sys/stat.h>
    #endif
    #ifdef STDC_HEADERS
    # include <stdlib.h>
    # include <stddef.h>
    #else
    # ifdef HAVE_STDLIB_H
    #  include <stdlib.h>
    # endif
    #endif
    #ifdef HAVE_STRING_H
    # if !defined STDC_HEADERS && defined HAVE_MEMORY_H
    #  include <memory.h>
    # endif
    # include <string.h>
    #endif
    #ifdef HAVE_STRINGS_H
    # include <strings.h>
    #endif
    #ifdef HAVE_INTTYPES_H
    # include <inttypes.h>
    #endif
    #ifdef HAVE_STDINT_H
    # include <stdint.h>
    #endif
    #ifdef HAVE_UNISTD_H
    # include <unistd.h>
    #endif
    int main() { return 0; }
Determining if the include file byteswap.h exists passed with the following output:
Change Dir: /home/proficionlcm/vscode/ShopSmart-Tracker/kivy-deps-build/kivy-dependencies/build/SDL2_mixer-2.6.3/build/CMakeFiles/CMakeTmp

Run Build Command(s):/usr/bin/ninja cmTC_0d0bc && [1/2] Building C object CMakeFiles/cmTC_0d0bc.dir/CheckIncludeFile.c.o
[2/2] Linking C executable cmTC_0d0bc



Determining if the include file inttypes.h exists passed with the following output:
Change Dir: /home/proficionlcm/vscode/ShopSmart-Tracker/kivy-deps-build/kivy-dependencies/build/SDL2_mixer-2.6.3/build/CMakeFiles/CMakeTmp

Run Build Command(s):/usr/bin/ninja cmTC_254ce && [1/2] Building C object CMakeFiles/cmTC_254ce.dir/CheckIncludeFile.c.o
[2/2] Linking C executable cmTC_254ce



Determining if the include file x86intrin.h exists passed with the following output:
Change Dir: /home/proficionlcm/vscode/ShopSmart-Tracker/kivy-deps-build/kivy-dependencies/build/SDL2_mixer-2.6.3/build/CMakeFiles/CMakeTmp

Run Build Command(s):/usr/bin/ninja cmTC_b2915 && [1/2] Building C object CMakeFiles/cmTC_b2915.dir/CheckIncludeFile.c.o
[2/2] Linking C executable cmTC_b2915



Determining if the function fseeko exists passed with the following output:
Change Dir: /home/proficionlcm/vscode/ShopSmart-Tracker/kivy-deps-build/kivy-dependencies/build/SDL2_mixer-2.6.3/build/CMakeFiles/CMakeTmp

Run Build Command(s):/usr/bin/ninja cmTC_f75bc && [1/2] Building C object CMakeFiles/cmTC_f75bc.dir/CheckFunctionExists.c.o
[2/2] Linking C executable cmTC_f75bc



Performing C SOURCE FILE Test HAVE_BSWAP16 succeeded with the following output:
Change Dir: /home/proficionlcm/vscode/ShopSmart-Tracker/kivy-deps-build/kivy-dependencies/build/SDL2_mixer-2.6.3/build/CMakeFiles/CMakeTmp

Run Build Command(s):/usr/bin/ninja cmTC_334d9 && [1/2] Building C object CMakeFiles/cmTC_334d9.dir/src.c.o
src.c:1:5: warning: function declaration isn’t a prototype [-Wstrict-prototypes]
    1 | int main() { return __builtin_bswap16 (0) ; }
      |     ^~~~
[2/2] Linking C executable cmTC_334d9


Source file was:
int main() { return __builtin_bswap16 (0) ; }
Performing C SOURCE FILE Test HAVE_BSWAP32 succeeded with the following output:
Change Dir: /home/proficionlcm/vscode/ShopSmart-Tracker/kivy-deps-build/kivy-dependencies/build/SDL2_mixer-2.6.3/build/CMakeFiles/CMakeTmp

Run Build Command(s):/usr/bin/ninja cmTC_2e75d && [1/2] Building C object CMakeFiles/cmTC_2e75d.dir/src.c.o
src.c:1:5: warning: function declaration isn’t a prototype [-Wstrict-prototypes]
    1 | int main() { return __builtin_bswap32 (0) ; }
      |     ^~~~
[2/2] Linking C executable cmTC_2e75d


Source file was:
int main() { return __builtin_bswap32 (0) ; }
Determining size of unsigned short passed with the following output:
Change Dir: /home/proficionlcm/vscode/ShopSmart-Tracker/kivy-deps-build/kivy-dependencies/build/SDL2_mixer-2.6.3/build/CMakeFiles/CMakeTmp

Run Build Command(s):/usr/bin/ninja cmTC_faf70 && [1/2] Building C object CMakeFiles/cmTC_faf70.dir/CMAKE_SIZEOF_UNSIGNED_SHORT.c.o
[2/2] Linking C executable cmTC_faf70



Determining if the system is big endian passed with the following output:
Change Dir: /home/proficionlcm/vscode/ShopSmart-Tracker/kivy-deps-build/kivy-dependencies/build/SDL2_mixer-2.6.3/build/CMakeFiles/CMakeTmp

Run Build Command(s):/usr/bin/ninja cmTC_196cd && [1/2] Building C object CMakeFiles/cmTC_196cd.dir/TestEndianess.c.o
[2/2] Linking C executable cmTC_196cd


TestEndianess.c:
/* A 16 bit integer is required. */
typedef unsigned short cmakeint16;

/* On a little endian machine, these 16bit ints will give "THIS IS LITTLE ENDIAN."
   On a big endian machine the characters will be exchanged pairwise. */
const cmakeint16 info_little[] =  {0x4854, 0x5349, 0x4920, 0x2053, 0x494c, 0x5454, 0x454c, 0x4520, 0x444e, 0x4149, 0x2e4e, 0x0000};

/* on a big endian machine, these 16bit ints will give "THIS IS BIG ENDIAN."
   On a little endian machine the characters will be exchanged pairwise. */
const cmakeint16 info_big[] =     {0x5448, 0x4953, 0x2049, 0x5320, 0x4249, 0x4720, 0x454e, 0x4449, 0x414e, 0x2e2e, 0x0000};

#ifdef __CLASSIC_C__
int main(argc, argv) int argc; char *argv[];
#else
int main(int argc, char *argv[])
#endif
{
  int require = 0;
  require += info_little[argc];
  require += info_big[argc];
  (void)argv;
  return require;
}


Performing C SOURCE FILE Test HAVE_WERROR_FLAG succeeded with the following output:
Change Dir: /home/proficionlcm/vscode/ShopSmart-Tracker/kivy-deps-build/kivy-dependencies/build/SDL2_mixer-2.6.3/build/CMakeFiles/CMakeTmp

Run Build Command(s):/usr/bin/ninja cmTC_4caf5 && [1/2] Building C object CMakeFiles/cmTC_4caf5.dir/src.c.o
[2/2] Linking C executable cmTC_4caf5


Source file was:
int main(void) { return 0; }
Performing C SOURCE FILE Test HAVE_DECL_AFTER_STMT_FLAG succeeded with the following output:
Change Dir: /home/proficionlcm/vscode/ShopSmart-Tracker/kivy-deps-build/kivy-dependencies/build/SDL2_mixer-2.6.3/build/CMakeFiles/CMakeTmp

Run Build Command(s):/usr/bin/ninja cmTC_b6283 && [1/2] Building C object CMakeFiles/cmTC_b6283.dir/src.c.o
[2/2] Linking C executable cmTC_b6283


Source file was:
int main(void) { return 0; }
Performing C SOURCE FILE Test HAVE_STACKREALIGN_FLAG succeeded with the following output:
Change Dir: /home/proficionlcm/vscode/ShopSmart-Tracker/kivy-deps-build/kivy-dependencies/build/SDL2_mixer-2.6.3/build/CMakeFiles/CMakeTmp

Run Build Command(s):/usr/bin/ninja cmTC_9412f && [1/2] Building C object CMakeFiles/cmTC_9412f.dir/src.c.o
[2/2] Linking C executable cmTC_9412f


Source file was:
int main(void) { return 0; }
Performing C++ SOURCE FILE Test HAVE_WEFFCXX_FLAG succeeded with the following output:
Change Dir: /home/proficionlcm/vscode/ShopSmart-Tracker/kivy-deps-build/kivy-dependencies/build/SDL2_mixer-2.6.3/build/CMakeFiles/CMakeTmp

Run Build Command(s):/usr/bin/ninja cmTC_2d735 && [1/2] Building CXX object CMakeFiles/cmTC_2d735.dir/src.cxx.o
[2/2] Linking CXX executable cmTC_2d735


Source file was:
int main() { return 0; }
Performing C SOURCE FILE Test HAVE_STACK_PROTECTOR_FLAG succeeded with the following output:
Change Dir: /home/proficionlcm/vscode/ShopSmart-Tracker/kivy-deps-build/kivy-dependencies/build/SDL2_mixer-2.6.3/build/CMakeFiles/CMakeTmp

Run Build Command(s):/usr/bin/ninja cmTC_6d036 && [1/2] Building C object CMakeFiles/cmTC_6d036.dir/src.c.o
[2/2] Linking C executable cmTC_6d036


Source file was:
int main(void) { return 0; }
Determining if the include file sys/param.h exists passed with the following output:
Change Dir: /home/proficionlcm/vscode/ShopSmart-Tracker/kivy-deps-build/kivy-dependencies/build/SDL2_mixer-2.6.3/build/CMakeFiles/CMakeTmp

Run Build Command(s):/usr/bin/ninja cmTC_1fb93 && [1/2] Building C object CMakeFiles/cmTC_1fb93.dir/CheckIncludeFile.c.o
[2/2] Linking C executable cmTC_1fb93



Determining if the function lround exists passed with the following output:
Change Dir: /home/proficionlcm/vscode/ShopSmart-Tracker/kivy-deps-build/kivy-dependencies/build/SDL2_mixer-2.6.3/build/CMakeFiles/CMakeTmp

Run Build Command(s):/usr/bin/ninja cmTC_50cc2 && [1/2] Building C object CMakeFiles/cmTC_50cc2.dir/CheckFunctionExists.c.o
<command-line>: warning: conflicting types for built-in function ‘lround’; expected ‘long int(double)’ [-Wbuiltin-declaration-mismatch]
/usr/share/cmake-3.18/Modules/CheckFunctionExists.c:7:3: note: in expansion of macro ‘CHECK_FUNCTION_EXISTS’
    7 |   CHECK_FUNCTION_EXISTS(void);
      |   ^~~~~~~~~~~~~~~~~~~~~
/usr/share/cmake-3.18/Modules/CheckFunctionExists.c:1:1: note: ‘lround’ is declared in header ‘<math.h>’
  +++ |+#include <math.h>
    1 | #ifdef CHECK_FUNCTION_EXISTS
[2/2] Linking C executable cmTC_50cc2



Performing C++ SOURCE FILE Test HAVE_CXX_VARARRAYS succeeded with the following output:
Change Dir: /home/proficionlcm/vscode/ShopSmart-Tracker/kivy-deps-build/kivy-dependencies/build/SDL2_mixer-2.6.3/build/CMakeFiles/CMakeTmp

Run Build Command(s):/usr/bin/ninja cmTC_4cc4a && [1/2] Building CXX object CMakeFiles/cmTC_4cc4a.dir/src.cxx.o
[2/2] Linking CXX executable cmTC_4cc4a


Source file was:

    #ifdef __STDC_NO_VLA__
    syntax error;
    #else
    int fvla (int m, int * c)
    {
      int D[m];
      return D[0] == c[0];
    }

    int main(int, char * []) { return 0; }
    #endif
Determining if the include file string.h exists passed with the following output:
Change Dir: /home/proficionlcm/vscode/ShopSmart-Tracker/kivy-deps-build/kivy-dependencies/build/SDL2_mixer-2.6.3/build/CMakeFiles/CMakeTmp

Run Build Command(s):/usr/bin/ninja cmTC_d7937 && [1/2] Building C object CMakeFiles/cmTC_d7937.dir/CheckIncludeFile.c.o
[2/2] Linking C executable cmTC_d7937



Determining if the include file sys/ioctl.h exists passed with the following output:
Change Dir: /home/proficionlcm/vscode/ShopSmart-Tracker/kivy-deps-build/kivy-dependencies/build/SDL2_mixer-2.6.3/build/CMakeFiles/CMakeTmp

Run Build Command(s):/usr/bin/ninja cmTC_faf7d && [1/2] Building C object CMakeFiles/cmTC_faf7d.dir/CheckIncludeFile.c.o
[2/2] Linking C executable cmTC_faf7d



Determining if the include file termios.h exists passed with the following output:
Change Dir: /home/proficionlcm/vscode/ShopSmart-Tracker/kivy-deps-build/kivy-dependencies/build/SDL2_mixer-2.6.3/build/CMakeFiles/CMakeTmp

Run Build Command(s):/usr/bin/ninja cmTC_4f7e2 && [1/2] Building C object CMakeFiles/cmTC_4f7e2.dir/CheckIncludeFile.c.o
[2/2] Linking C executable cmTC_4f7e2



Determining if the function clock_gettime exists passed with the following output:
Change Dir: /home/proficionlcm/vscode/ShopSmart-Tracker/kivy-deps-build/kivy-dependencies/build/SDL2_mixer-2.6.3/build/CMakeFiles/CMakeTmp

Run Build Command(s):/usr/bin/ninja cmTC_cc825 && [1/2] Building C object CMakeFiles/cmTC_cc825.dir/CheckFunctionExists.c.o
[2/2] Linking C executable cmTC_cc825



Determining if the system is big endian passed with the following output:
Change Dir: /home/proficionlcm/vscode/ShopSmart-Tracker/kivy-deps-build/kivy-dependencies/build/SDL2_mixer-2.6.3/build/CMakeFiles/CMakeTmp

Run Build Command(s):/usr/bin/ninja cmTC_ea5c6 && [1/2] Building C object CMakeFiles/cmTC_ea5c6.dir/TestEndianess.c.o
[2/2] Linking C executable cmTC_ea5c6


TestEndianess.c:
/* A 16 bit integer is required. */
typedef unsigned short cmakeint16;

/* On a little endian machine, these 16bit ints will give "THIS IS LITTLE ENDIAN."
   On a big endian machine the characters will be exchanged pairwise. */
const cmakeint16 info_little[] =  {0x4854, 0x5349, 0x4920, 0x2053, 0x494c, 0x5454, 0x454c, 0x4520, 0x444e, 0x4149, 0x2e4e, 0x0000};

/* on a big endian machine, these 16bit ints will give "THIS IS BIG ENDIAN."
   On a little endian machine the characters will be exchanged pairwise. */
const cmakeint16 info_big[] =     {0x5448, 0x4953, 0x2049, 0x5320, 0x4249, 0x4720, 0x454e, 0x4449, 0x414e, 0x2e2e, 0x0000};

#ifdef __CLASSIC_C__
int main(argc, argv) int argc; char *argv[];
#else
int main(int argc, char *argv[])
#endif
{
  int require = 0;
  require += info_little[argc];
  require += info_big[argc];
  (void)argv;
  return require;
}


Performing C SOURCE FILE Test HAVE_VISIBILITY_DEFAULT succeeded with the following output:
Change Dir: /home/proficionlcm/vscode/ShopSmart-Tracker/kivy-deps-build/kivy-dependencies/build/SDL2_mixer-2.6.3/build/CMakeFiles/CMakeTmp

Run Build Command(s):/usr/bin/ninja cmTC_c75f8 && [1/2] Building C object CMakeFiles/cmTC_c75f8.dir/src.c.o
[2/2] Linking C executable cmTC_c75f8


Source file was:
int foo(void) __attribute__((visibility("default")));
                             int main(void) {return 0;}
Performing C SOURCE FILE Test HAVE_VISIBILITY_HIDDEN succeeded with the following output:
Change Dir: /home/proficionlcm/vscode/ShopSmart-Tracker/kivy-deps-build/kivy-dependencies/build/SDL2_mixer-2.6.3/build/CMakeFiles/CMakeTmp

Run Build Command(s):/usr/bin/ninja cmTC_0a62a && [1/2] Building C object CMakeFiles/cmTC_0a62a.dir/src.c.o
[2/2] Linking C executable cmTC_0a62a


Source file was:
int main(void) { return 0; }
Performing C SOURCE FILE Test HAVE_NO_UNDEFINED succeeded with the following output:
Change Dir: /home/proficionlcm/vscode/ShopSmart-Tracker/kivy-deps-build/kivy-dependencies/build/SDL2_mixer-2.6.3/build/CMakeFiles/CMakeTmp

Run Build Command(s):/usr/bin/ninja cmTC_95807 && [1/2] Building C object CMakeFiles/cmTC_95807.dir/src.c.o
[2/2] Linking C executable cmTC_95807


Source file was:
int main(void) { return 0; }
Determining if the include file strings.h exists passed with the following output:
Change Dir: /home/proficionlcm/vscode/ShopSmart-Tracker/kivy-deps-build/kivy-dependencies/build/SDL2_mixer-2.6.3/build/CMakeFiles/CMakeTmp

Run Build Command(s):/usr/bin/ninja cmTC_0aa61 && [1/2] Building C object CMakeFiles/cmTC_0aa61.dir/CheckIncludeFile.c.o
[2/2] Linking C executable cmTC_0aa61



Determining if the function sinf exists passed with the following output:
Change Dir: /home/proficionlcm/vscode/ShopSmart-Tracker/kivy-deps-build/kivy-dependencies/build/SDL2_mixer-2.6.3/build/CMakeFiles/CMakeTmp

Run Build Command(s):/usr/bin/ninja cmTC_fe529 && [1/2] Building C object CMakeFiles/cmTC_fe529.dir/CheckFunctionExists.c.o
<command-line>: warning: conflicting types for built-in function ‘sinf’; expected ‘float(float)’ [-Wbuiltin-declaration-mismatch]
/usr/share/cmake-3.18/Modules/CheckFunctionExists.c:7:3: note: in expansion of macro ‘CHECK_FUNCTION_EXISTS’
    7 |   CHECK_FUNCTION_EXISTS(void);
      |   ^~~~~~~~~~~~~~~~~~~~~
/usr/share/cmake-3.18/Modules/CheckFunctionExists.c:1:1: note: ‘sinf’ is declared in header ‘<math.h>’
  +++ |+#include <math.h>
    1 | #ifdef CHECK_FUNCTION_EXISTS
[2/2] Linking C executable cmTC_fe529



